Started by user [8mha:////4MtwK8Wt4yQPBZ4bPsG53BghoBnJua4FRP5HtnB5vBSgAAAAlx+LCAAAAAAAAP9b85aBtbiIQTGjNKU4P08vOT+vOD8nVc83PyU1x6OyILUoJzMv2y+/JJUBAhiZGBgqihhk0NSjKDWzXb3RdlLBUSYGJk8GtpzUvPSSDB8G5tKinBIGIZ+sxLJE/ZzEvHT94JKizLx0a6BxUmjGOUNodHsLgAzWEgZu/dLi1CL9xJTczDwAj6GcLcAAAAA=[0madmin
[8mha:////4HhtaMGuhbNceZiIVMCMYBIGUQSe2aD5arKKQr8QqqKOAAAAoh+LCAAAAAAAAP9tjTEOwjAQBM8BClpKHuFItIiK1krDC0x8GCfWnbEdkooX8TX+gCESFVvtrLSa5wtWKcKBo5UdUu8otU4GP9jS5Mixv3geZcdn2TIl9igbHBs2eJyx4YwwR1SwULBGaj0nRzbDRnX6rmuvydanHMu2V1A5c4MHCFXMWcf8hSnC9jqYxPTz/BXAFEIGsfuclm8zQVqFvQAAAA==[0m[Pipeline] Start of Pipeline
[8mha:////4EGelVM/IvOd9ZP2TCOsbG5rYRdwlo7eREizOlWPTfE1AAAApR+LCAAAAAAAAP9tjTEOwjAUQ3+KOrAycohUghExsUZZOEFIQkgb/d8mKe3EibgadyBQiQlLlmxL1nu+oE4RjhQdby12HpP2vA+jK4lPFLtroIm3dOGaMFGwXNpJkrGnpUrKFhaxClYC1hZ1oOTRZdiIVt1VExS65pxj2Q4CKm8GeAAThZxVzN8yR9jeRpMIf5y/AJj7DGxXvP/86jduZBmjwAAAAA==[0m[Pipeline] node
Running on [8mha:////4P4q0UqbrTrJXK0BHcqLGwMTeG6r8+RP3b3smmC3+Zh8AAAAoR+LCAAAAAAAAP9b85aBtbiIQTGjNKU4P08vOT+vOD8nVc83PyU1x6OyILUoJzMv2y+/JJUBAhiZGBgqihhk0NSjKDWzXb3RdlLBUSYGJk8GtpzUvPSSDB8G5tKinBIGIZ+sxLJE/ZzEvHT94JKizLx0a6BxUmjGOUNodHsLgAz2EgZR/eT83ILSktQifY2k0sycEt3MPE19AHHxbH3KAAAA[0mJenkins in /var/lib/jenkins/workspace/5_including_sonarqube-quality gates
[8mha:////4DuB7VLzKQbipwpyfhY9sb7/rASpJRUpieWuDEfvjbm3AAAApR+LCAAAAAAAAP9tjTEOwjAUQ3+KOrAycoh0gA0xsUZZOEFIQkgb/d8mKe3EibgadyBQiQlLlmxL1nu+oE4RjhQdby12HpP2vA+jK4lPFLtroIm3dOGaMFGwXNpJkrGnpUrKFhaxClYC1hZ1oOTRZdiIVt1VExS65pxj2Q4CKm8GeAAThZxVzN8yR9jeRpMIf5y/AJj7DGxXvP/86jfoP95RwAAAAA==[0m[Pipeline] {
[8mha:////4JT8t0541EV18+2jkcIsCEIWZikIGWF/BNK6qa6j2nRqAAAApR+LCAAAAAAAAP9tjTEOwjAUQ3+KOrAycoh0gQkxsUZZOEFIQkgb/d8mKe3EibgadyBQiQlLlmxL1nu+oE4RjhQdby12HpP2vA+jK4lPFLtroIm3dOGaMFGwXNpJkrGnpUrKFhaxClYC1hZ1oOTRZdiIVt1VExS65pxj2Q4CKm8GeAAThZxVzN8yR9jeRpMIf5y/AJj7DGxXvP/86jc09154wAAAAA==[0m[Pipeline] stage
[8mha:////4AhvxFwrMg5w7e+OF3X8OVFDPfVVm1WpI0yc/no3hw29AAAApR+LCAAAAAAAAP9tjTEOwjAUQ3+KOrAycoh0ggUxsUZZOEFIQkgb/d8mKe3EibgadyBQiQlLlmxL1nu+oE4RjhQdby12HpP2vA+jK4lPFLtroIm3dOGaMFGwXNpJkrGnpUrKFhaxClYC1hZ1oOTRZdiIVt1VExS65pxj2Q4CKm8GeAAThZxVzN8yR9jeRpMIf5y/AJj7DGxXvP/86jek7ggRwAAAAA==[0m[Pipeline] { (Declarative: Tool Install)
[8mha:////4DNmFRixp4o7TWmQ0FQEiqV/Jjs6hDTtxfwNwaSm8aAVAAAAoh+LCAAAAAAAAP9tjTEOAiEURD9rLGwtPQTbaWGsbAmNJ0AWEZb8zwLrbuWJvJp3kLiJlZNMMm+a93rDOic4UbLcG+wdZu14DKOti0+U+lugiXu6ck2YKRguzSSpM+cFJRUDS1gDKwEbgzpQdmgLbIVXD9UGhba9lFS/o4DGdQM8gYlqLiqVL8wJdvexy4Q/z18BzLEA29ce4gfg7KmOvAAAAA==[0m[Pipeline] tool
[8mha:////4JSOznGk0ITCTYue8OZD2H8DU9j7bqPn3IK+aibOWHhhAAAAoh+LCAAAAAAAAP9tjTEOAiEURD9rLGwtPQTbGRNjZUtoPAGyiLDkfxZYdytP5NW8g8RNrJxkknnTvNcb1jnBiZLl3mDvMGvHYxhtXXyi1N8CTdzTlWvCTMFwaSZJnTkvKKkYWMIaWAnYGNSBskNbYCu8eqg2KLTtpaT6HQU0rhvgCUxUc1GpfGFOsLuPXSb8ef4KYI4F2L72ED8v8DEJvAAAAA==[0m[Pipeline] envVarsForTool
[8mha:////4C8wFKYH2vzGTqpZJRpa6qc28+g/9Hwb64DOhlwKyQD2AAAAoh+LCAAAAAAAAP9tjTEOAiEURD9rLGwtPQTbmRhjZUtoPAGyiLDkfxZYdytP5NW8g8RNrJxkknnTvNcb1jnBiZLl3mDvMGvHYxhtXXyi1N8CTdzTlWvCTMFwaSZJnTkvKKkYWMIaWAnYGNSBskNbYCu8eqg2KLTtpaT6HQU0rhvgCUxUc1GpfGFOsLuPXSb8ef4KYI4F2L72ED9uwSoQvAAAAA==[0m[Pipeline] tool
[8mha:////4O+e21ZoDLXAZYpnxQ7NkMoypAibcYPxCzYEMBhweeo4AAAAox+LCAAAAAAAAP9tjTESgjAQRT84FraWHiJoY+NY2WZoPEGEGAOZXUwWofJEXs07yMiMlb/67zXv9cYyRRw5OtVYaj2lyqsu9G56auDYXgMPquGLqpgSB6tKO5Rc29OMJYvFvCzHQmNlqQqcPDnBWjfmYYpgyBVniZM7aOS+vuOJTE9lMVG+MEZsbn2dmH6dvwGMnSDbC/LdtvsAfEnCxL0AAAA=[0m[Pipeline] envVarsForTool
[8mha:////4MXK6zqIJGqy6WP1/wojG7GZ/uf04W0dXpz+7W/g3QXdAAAAox+LCAAAAAAAAP9tjTESgjAQRT84FraWHiIMjY1jZZuh8QQRYgxkdjFZhMoTeTXvICMzVv7qv9e81xvrFHHk6FRrqfOUaq/6MLj5qZFjdw08qpYvqmZKHKyq7FhxY08LViwWy7IcK42NpTpw8uQEW92ahymCIVecJc7uoJH75o4nMj2XxUT5whSxuw1NYvp1/gYw9b0gL0tBtv8AGWMrAb0AAAA=[0m[Pipeline] }
[8mha:////4JJFy9qhqCrHqT+5CPX3k8nES4mCvw+ZYokvXgXSAz74AAAAox+LCAAAAAAAAP9tjTEOwjAQBDdBFLSUPMIRSFSIitZKwwtMYowT6y7YF5KKF/E1/kBEJCq22plmXm8sU8SRo1ONpdZTqrzqQu+mpwaO7TXwoBq+qIopcbCqtEPJtT3NWLJYzMtyLDRWlqrAyZMTrHVjHqYIhlxxlji5g0bu6zueyPRUFhPlC2PE5tbXienX+RvA2HWCfLsTZPsPc0iC370AAAA=[0m[Pipeline] // stage
[8mha:////4H6iFIFkeDKAFTjOMrWpDsXmYl7BxLLFSiiIi1ksEfVFAAAAph+LCAAAAAAAAP9tjTEOwjAQBM9BKWgpeYQjBB2iorXc8AITG+PEugv2haTiRXyNPxCIRMVWOyut5vmCMic4UPKycdgGzHWQXez91ORAqb1EGmRDZ1kTZopOajdosu44oyZ2MEcUsFCwdFhHygE9w0o15m6qaNBXJ07TtldQBHuDBwg1mdkk/sKYYH3tbSb8ef4KYOwYxI6h2Gw/x/INGJa+18EAAAA=[0m[Pipeline] withEnv
[8mha:////4IaWgYS2Vwt306BM3AqDtfAl3CHP5XcxMGmCn1KuFsuaAAAApx+LCAAAAAAAAP9tjTEOwjAUQ3+LOrAycohUCDbE1DXKwglCE0La6P/yk9JOnIircQdaKjHhwbItWe/1hiIynIidaCy2HmPtRRd6NyUxELfXQINo6CJqwkjBCmUHRcZWS1WULCzKclhJWFusA0WPLsFGNvqhy6DRlefE03aUkHtzhydkciInzelbRobtrTeR8Mf5C4CxS5Dv9rMd5mfxAbNWnxXCAAAA[0m[Pipeline] {
[8mha:////4EMgWiklhJrgHstjrBNCA7G61m0apH4eCVypJB0yUO+KAAAApx+LCAAAAAAAAP9tjTEOwjAUQ3+LOrAycohUSDAhpq5RFk4QmhDSRv+Xn5R24kRcjTvQUokJD5ZtyXqvNxSR4UTsRGOx9RhrL7rQuymJgbi9BhpEQxdRE0YKVig7KDK2WqqiZGFRlsNKwtpiHSh6dAk2stEPXQaNrjwnnrajhNybOzwhkxM5aU7fMjJsb72JhD/OXwCMXYJ8t5/tMD+LD5WQ+PfCAAAA[0m[Pipeline] stage
[8mha:////4NZZcizpHvGqpLUSI5tQoKel2/8hRSvyiPALB8MCiU1qAAAApx+LCAAAAAAAAP9tjTEOwjAUQ3+LOrAycohUDLAgpq5RFk4QmhDSRv+Xn5R24kRcjTvQUokJD5ZtyXqvNxSR4UTsRGOx9RhrL7rQuymJgbi9BhpEQxdRE0YKVig7KDK2WqqiZGFRlsNKwtpiHSh6dAk2stEPXQaNrjwnnrajhNybOzwhkxM5aU7fMjJsb72JhD/OXwCMXYJ8t5/tMD+LD/s94rDCAAAA[0m[Pipeline] { (Fetching code from GIT)
[8mha:////4IdvEaIOnvhV25cnIVw3Ce6SEfRVdyEfhdV1TE2k1JG+AAAApB+LCAAAAAAAAP9tjTEOwjAQBC9BFLSUPOIiGigQVVrLDS8wsTFOrDtjOyQVL+Jr/IFAJCq2WO1sM88XLFOEI0eLraHOUWocBt/baeHAsbt4HrDlMzZMib1BaQbJ2tQzSs4G5hQlLASsDDWekyObYS1adVeVV2SrU47TdxBQOn2DBxRiMmcV8xfGCJtrrxPTz/NXAGPIUG53n9qHN27Iu42+AAAA[0m[Pipeline] tool
[8mha:////4NF/Ous5a2qpf6B7yQotCe5szieO46JAahPNxovLiaSfAAAApR+LCAAAAAAAAP9tjTEOwjAQBC9BFLSUPOIiGoSEqNJabniBiY1xYt0Z2yGpeBFf4w8EIlGxxWpnm3m+YJkiHDlabA11jlLjMPjeTgsHjt3F84Atn7FhSuwNSjNI1qaeUXI2MKcoYSFgZajxnBzZDGvRqruqvCJbnXKcvoOA0ukbPKAQkzmrmL8wRthce52Yfp6/AhhDhnK7+9Q+vAGh1CMKvgAAAA==[0m[Pipeline] envVarsForTool
[8mha:////4JlYQe7ALMhO25kj3xi3/+CdnRRPpDfwmiX4oV+DbhQwAAAApR+LCAAAAAAAAP9tjTEOwjAQBC9BFLSUPOIiGiSEqNJabniBiY1xYt0Z2yGpeBFf4w8EIlGxxWpnm3m+YJkiHDlabA11jlLjMPjeTgsHjt3F84Atn7FhSuwNSjNI1qaeUXI2MKcoYSFgZajxnBzZDGvRqruqvCJbnXKcvoOA0ukbPKAQkzmrmL8wRthce52Yfp6/AhhDhnK7+9Q+vAHg5TgTvgAAAA==[0m[Pipeline] tool
[8mha:////4JwsyogsvJaOdOb7bdIQIs3ZQcpndjmrAWr8prQch3vhAAAApR+LCAAAAAAAAP9tjTEOwjAQBC9BFLSUPOICFDQoFa3lhheYxBgn1l2wHZyKF/E1/oBFJCq2WO1sM683LIOHmr3BTlNvKTQWBzeavDCx76+OE3Z8wYYpsNModZLc6tOMkqOGOUUJCwErTY3jYMlEWItOPVTlFJnqHH3+jgJK297hCYXI5qh8/MLkYXMb28D08/wVwDREKHeHXPvt8AHw4LzAvgAAAA==[0m[Pipeline] envVarsForTool
[8mha:////4AtYAuWjV79YIoHviaWCjdIQR5Q8kcs3bD5hRrBslDDCAAAAqB+LCAAAAAAAAP9tjTEOwjAUQ3+LOrAycohUZWBBTF2jLpwgNCEkjf4vSUo6cSKuxh0IVGLCg2Vbst7zBVXwcCSvmVU4GAy9YaObdE4skR8ujhKzdGY9YSCnWKdSR1K1S+0oKlhUlLDisFbYOwoGdYQNt+IuaidQ16fo83bgUBp5gwcUPJOj8PFbZg/b6yQD4Y/zFwDzGKFs9tl2zedZvQHfce0FwgAAAA==[0m[Pipeline] withEnv
[8mha:////4ETAJxAsRK86oT7T6IPPwEiYisQeZMTNST44LAPnd5K3AAAAph+LCAAAAAAAAP9tjTEOwjAUQ3+DOrAycohUdEVMrFEXThCaEJJG/7dJSjpxIq7GHWipxIQHy7ZkvdcbyhjgRMFwp7GzGFvLez+aOfFMobt5ytzRlbeEkbzmjc4NKX1ea0NJw6qCwUbAVmPrKVo0CXbCyYesvERTXVKYt6MAZtUATyjETE4ypG+ZAuzvo4qEP85fAEx9AlYfFquXZ/kBAsTc3cIAAAA=[0m[Pipeline] {
[8mha:////4Av5AAldljswOccn/LK3Drdm96jxnNTCcAWN+Mzx7eOYAAAAox+LCAAAAAAAAP9tjTESwiAURH/iWNhaeggyE0vHypah8QSYIEKY/wkQSeWJvJp3EM2MlVvs7NvmPV+wjgGOFDSzCgeDsTPMu0mXxTKF4eooM0sX1hFGcooJlQX16rSgoKRgSVXDisNGYecoGtQJttzKu2ycRN2cUyjfgUNt+hEeUPFiTjKkL8wBdrepj4Q/z18BzD5B3baf2vs3w5BRkb4AAAA=[0m[Pipeline] git
The recommended git tool is: NONE
No credentials specified
 > git rev-parse --resolve-git-dir /var/lib/jenkins/workspace/5_including_sonarqube-quality gates/.git # timeout=10
Fetching changes from the remote Git repository
 > git config remote.origin.url https://github.com/hkhcoder/vprofile-project.git # timeout=10
Fetching upstream changes from https://github.com/hkhcoder/vprofile-project.git
 > git --version # timeout=10
 > git --version # 'git version 2.34.1'
 > git fetch --tags --force --progress -- https://github.com/hkhcoder/vprofile-project.git +refs/heads/*:refs/remotes/origin/* # timeout=10
 > git rev-parse refs/remotes/origin/main^{commit} # timeout=10
Checking out Revision 836974e5b091f177f063941723ef72a421ca4a63 (refs/remotes/origin/main)
 > git config core.sparsecheckout # timeout=10
 > git checkout -f 836974e5b091f177f063941723ef72a421ca4a63 # timeout=10
 > git branch -a -v --no-abbrev # timeout=10
 > git branch -D main # timeout=10
 > git checkout -b main 836974e5b091f177f063941723ef72a421ca4a63 # timeout=10
Commit message: "Update Vagrantfile"
 > git rev-list --no-walk 836974e5b091f177f063941723ef72a421ca4a63 # timeout=10
[8mha:////4OFnayIa7sJoCp2VfuS6KhoRMmX7+yUKnNYLhIM99rCJAAAApB+LCAAAAAAAAP9tjbEOwiAURV9rHFwd/QiaNG7GyZWw+AXYIkLJexSodPKL/DX/QbSJk3e4uecu5/mCdQxwpKCZVTgYjJ1h3k26LJYpDFdHmVm6sI4wklNMqCyoV6cFBSUFS6oaVhw2CjtH0aBOsOVW3mXjJOrmnEL5Dhxq04/wgIoXc5IhfWEOsLtNfST8ef4KYPY+Qd3uP9W+Ad3NsHm+AAAA[0m[Pipeline] }
[8mha:////4N9ugAIXt1TRm+OEqkE8BDSKKlxZTWrGwGJ5sS9nHRoUAAAApB+LCAAAAAAAAP9tjTEOwjAQBC9BFLSUPOIikKgQVVrLDS8wsTFOrDtjOyQVL+Jr/IFAJCq2WO1sM88XLFOEI0eLraHOUWocBt/baeHAsbt4HrDlMzZMib1BaQbJ2tQzSs4G5hQlLASsDDWekyObYS1adVeVV2SrU47TdxBQOn2DBxRiMmcV8xfGCJtrrxPTz/NXAGMIGcrd/lPbN8JP5Su+AAAA[0m[Pipeline] // withEnv
[8mha:////4GoCPzmQnFp0gVn/QGzXak/OXfeXc+Tqu0aQENemUdfdAAAApR+LCAAAAAAAAP9tjTEOwjAQBC9BFLSUPOIiKNIgqrRWGl5gYmOcWHfGdkgqXsTX+AMWkajYYrWzzbzesI4BThwM9poGS7Gz6N1o8sKJw3B1PGHPF+yYIjuNrZ5aVrpZsOWkYUlRwkrARlPnOFoyCbailw9ZOUmmOqeQv6OA0qo7PKEQ2ZxkSF+YA+xuo4pMP89fAczeJygPda59/QEM+zgYvgAAAA==[0m[Pipeline] }
[8mha:////4LCBPj8QV+UJCub9LtgO0CngHAqbPShr3+8T0tfufsHtAAAAph+LCAAAAAAAAP9tjTEOwjAQBC9BFLSUPOIikBAFSkVrueEFJjHGiXUXbAen4kV8jT9gEYmKLVY728zrDcvgoWZvsNPUWwqNxcGNJi9M7Pur44QdX7BhCuw0Sp0kt/o0o+SoYU5RwkLASlPjOFgyEdaiUw9VOUWmOkefv6OA0rZ3eEIhsjkqH78wedjcxjYw/Tx/BTANQ4Ryd8i13X8AE3ltSr4AAAA=[0m[Pipeline] // stage
[8mha:////4H97UhDQpLlURsidgjKCh+2tyKWw7UfpEEnQ53CTKhJaAAAAqB+LCAAAAAAAAP9tjTEOwjAUQ3+LOrAycohUIAYk1Ik16sIJQhNC0uj/kqSkEyfiatyBQCUmPFi2Jes9X1AFDw15zazC3mDoDBvcqHNiiXx/cZSYpTPrCAM5xVqVWpLqONeWooJZRQkLDkuFnaNgUEdYcSvuonYCdX2KPm8HDqWRN3hAwTM5Ch+/ZfKwvo4yEP44fwEwDRHKzS7bdv95Vm/WmY56wgAAAA==[0m[Pipeline] stage
[8mha:////4GqLI+MvUnTpUr6vQrIB/sYKHv8N45Zyu72ySXBxa1QCAAAApx+LCAAAAAAAAP9tjTEOwjAUQ3+LOrAycohUYgIhpq5RFk4QmhDSRv+Xn5R24kRcjTvQUokJD5ZtyXqvNxSR4UTsRGOx9RhrL7rQuymJgbi9BhpEQxdRE0YKVig7KDK2WqqiZGFRlsNKwtpiHSh6dAk2stEPXQaNrjwnnrajhNybOzwhkxM5aU7fMjJsb72JhD/OXwCMXYJ8t5/tMD+LD0QKVszCAAAA[0m[Pipeline] { (JUnit Testing)
[8mha:////4GRTcPXoZPsqVAhs9JUiO3zp1+SJgr8t9qA+AU8cvJm8AAAApR+LCAAAAAAAAP9tjTEOwjAQBC9BFLSUPOKCoEIoFa3lhheYxBgn1l2wHZyKF/E1/oBFJCq2WO1sM683LIOHmr3BTlNvKTQWBzeavDCx76+OE3Z8wYYpsNModZLc6tOMkqOGOUUJCwErTY3jYMlEWItOPVTlFJnqHH3+jgJK297hCYXI5qh8/MLkYXMb28D08/wVwDREKHeHXPvt8AHN/bm5vgAAAA==[0m[Pipeline] tool
[8mha:////4Fi1BiY07C1h46V4gO4rCH7gyQdyWB0ZHI/V1qk2tIuzAAAApR+LCAAAAAAAAP9tjTEOwjAQBC9BFLSUPOIioEIoFa3lhheYxBgn1l2wHZyKF/E1/oBFJCq2WO1sM683LIOHmr3BTlNvKTQWBzeavDCx76+OE3Z8wYYpsNModZLc6tOMkqOGOUUJCwErTY3jYMlEWItOPVTlFJnqHH3+jgJK297hCYXI5qh8/MLkYXMb28D08/wVwDREKHeHXPvt8AGMzKKgvgAAAA==[0m[Pipeline] envVarsForTool
[8mha:////4DIBpPxAQqLJR6txE9es/HyD8OUV3Z2IImOWrWjyVO9CAAAApR+LCAAAAAAAAP9tjTEOwjAQBC9BFLSUPOIihQohqrRWGl5gYmOcWHfGdkgqXsTX+AMWkajYYrWzzbzesI4BThwM9poGS7Gz6N1o8sKJw3B1PGHPF+yYIjuNrZ5aVrpZsOWkYUlRwkrARlPnOFoyCbailw9ZOUmmOqeQv6OA0qo7PKEQ2ZxkSF+YA+xuo4pMP89fAcw+QVkfcu1r/wFPn4+LvgAAAA==[0m[Pipeline] tool
[8mha:////4Fkqf3Ot9ykyvRt1doEz9uS6dPzjxgw0vk4COY1Vf7BDAAAApR+LCAAAAAAAAP9tjTEOwjAQBC9BFLSUPMKRSIUQVVorDS8w8WGcWHfGdkgqXsTX+AMWkajYYrWzzbzesI4BThyM6JEGS7GzwrvR5CUmDsPV8SR6voiOKbJD0eLUssZmwZYTwpKihJWEDVLnOFoyCbayVw9VOUWmOqeQv6OE0uo7PKGQ2ZxUSF+YA+xuo45MP89fAcw+Qbk/5Kpr/wEOrpSSvgAAAA==[0m[Pipeline] envVarsForTool
[8mha:////4K+g+uF9S0QCzVsF+uZjwyuCefma1pzf1XDNcxVwdtOtAAAAqB+LCAAAAAAAAP9tjTEOwjAUQ3+LOrAycohUAhaEOrFGXThBaEJIGv1fkpR04kRcjTsQqMSEB8u2ZL3nC6rgoSGvmVXYGwydYYMbdU4ske8vjhKzdGYdYSCnWKtSS1Id59pSVDCrKGHBYamwcxQM6ggrbsVd1E6grk/R5+3AoTTyBg8oeCZH4eO3TB7W11EGwh/nLwCmIUK52Wfb7j7P6g3uzTEXwgAAAA==[0m[Pipeline] withEnv
[8mha:////4G7lZXWbS6ZsQQ6C8674cKywipQSTQOfkDGzqHrfYXYNAAAApx+LCAAAAAAAAP9tjTEOwjAUQ3+LOrAycoh0ACbE1DXKwglCE0La6P/yk9JOnIircQdaKjHhwbItWe/1hiIynIidaCy2HmPtRRd6NyUxELfXQINo6CJqwkjBCmUHRcZWS1WULCzKclhJWFusA0WPLsFGNvqhy6DRlefE03aUkHtzhydkciInzelbRobtrTeR8Mf5C4CxS5Dv9rMd5mfxASMfXIzCAAAA[0m[Pipeline] {
[8mha:////4GwsEKo1zn4orVrTU+5aPTDysStHlG4eay+JPKQbQJJxAAAApB+LCAAAAAAAAP9tjTEOwjAQBC9BFLSUPOJSIGgQVVrLDS8wsTFOrDtjOyQVL+Jr/IFAJCq2WO1sM88XLFOEI0eLraHOUWocBt/baeHAsbt4HrDlMzZMib1BaQbJ2tQzSs4G5hQlLASsDDWekyObYS1adVeVV2SrU47TdxBQOn2DBxRiMmcV8xfGCJtrrxPTz/NXAGPIUG53n9qHN6Ew6eS+AAAA[0m[Pipeline] sh
+ mvn test
[INFO] Scanning for projects...
[INFO] 
[INFO] ---------------------< com.visualpathit:vprofile >----------------------
[INFO] Building Visualpathit VProfile Webapp v2
[INFO]   from pom.xml
[INFO] --------------------------------[ war ]---------------------------------
[WARNING] The artifact mysql:mysql-connector-java:jar:8.0.32 has been relocated to com.mysql:mysql-connector-j:jar:8.0.32: MySQL Connector/J artifacts moved to reverse-DNS compliant Maven 2+ coordinates.
[INFO] 
[INFO] --- resources:3.3.1:resources (default-resources) @ vprofile ---
[WARNING] Using platform encoding (UTF-8 actually) to copy filtered resources, i.e. build is platform dependent!
[INFO] Copying 5 resources from src/main/resources to target/classes
[INFO] 
[INFO] --- jacoco:0.8.4:prepare-agent (jacoco-initialize) @ vprofile ---
[INFO] argLine set to "-javaagent:/var/lib/jenkins/.m2/repository/org/jacoco/org.jacoco.agent/0.8.4/org.jacoco.agent-0.8.4-runtime.jar=destfile=/var/lib/jenkins/workspace/5_including_sonarqube-quality gates/target/jacoco.exec"
[INFO] 
[INFO] --- compiler:3.11.0:compile (default-compile) @ vprofile ---
[INFO] Nothing to compile - all classes are up to date
[INFO] 
[INFO] --- resources:3.3.1:testResources (default-testResources) @ vprofile ---
[WARNING] Using platform encoding (UTF-8 actually) to copy filtered resources, i.e. build is platform dependent!
[INFO] skip non existing resourceDirectory /var/lib/jenkins/workspace/5_including_sonarqube-quality gates/src/test/resources
[INFO] 
[INFO] --- compiler:3.11.0:testCompile (default-testCompile) @ vprofile ---
[INFO] Nothing to compile - all classes are up to date
[INFO] 
[INFO] --- surefire:3.1.2:test (default-test) @ vprofile ---
[INFO] Using auto detected provider org.apache.maven.surefire.junit4.JUnit4Provider
[INFO] 
[INFO] -------------------------------------------------------
[INFO]  T E S T S
[INFO] -------------------------------------------------------
[INFO] Running com.visualpathit.account.controllerTest.UserControllerTest
14:58:25.447 [main] INFO  o.s.t.w.s.s.StandaloneMockMvcBuilder$StaticRequestMappingHandlerMapping#532 Mapped "{[/registration],methods=[GET]}" onto public final java.lang.String com.visualpathit.account.controller.UserController.registration(org.springframework.ui.Model)
14:58:25.473 [main] INFO  o.s.t.w.s.s.StandaloneMockMvcBuilder$StaticRequestMappingHandlerMapping#532 Mapped "{[/registration],methods=[POST]}" onto public final java.lang.String com.visualpathit.account.controller.UserController.registration(com.visualpathit.account.model.User,org.springframework.validation.BindingResult,org.springframework.ui.Model)
14:58:25.475 [main] INFO  o.s.t.w.s.s.StandaloneMockMvcBuilder$StaticRequestMappingHandlerMapping#532 Mapped "{[/login],methods=[GET]}" onto public final java.lang.String com.visualpathit.account.controller.UserController.login(org.springframework.ui.Model,java.lang.String,java.lang.String)
14:58:25.477 [main] INFO  o.s.t.w.s.s.StandaloneMockMvcBuilder$StaticRequestMappingHandlerMapping#532 Mapped "{[/ || /welcome],methods=[GET]}" onto public final java.lang.String com.visualpathit.account.controller.UserController.welcome(org.springframework.ui.Model)
14:58:25.478 [main] INFO  o.s.t.w.s.s.StandaloneMockMvcBuilder$StaticRequestMappingHandlerMapping#532 Mapped "{[/users/{id}],methods=[GET]}" onto public java.lang.String com.visualpathit.account.controller.UserController.getOneUser(java.lang.String,org.springframework.ui.Model)
14:58:25.480 [main] INFO  o.s.t.w.s.s.StandaloneMockMvcBuilder$StaticRequestMappingHandlerMapping#532 Mapped "{[/user/{username}],methods=[GET]}" onto public final java.lang.String com.visualpathit.account.controller.UserController.userUpdate(java.lang.String,org.springframework.ui.Model)
14:58:25.485 [main] INFO  o.s.t.w.s.s.StandaloneMockMvcBuilder$StaticRequestMappingHandlerMapping#532 Mapped "{[/user/{username}],methods=[POST]}" onto public final java.lang.String com.visualpathit.account.controller.UserController.userUpdateProfile(java.lang.String,com.visualpathit.account.model.User,org.springframework.ui.Model)
14:58:25.487 [main] INFO  o.s.t.w.s.s.StandaloneMockMvcBuilder$StaticRequestMappingHandlerMapping#532 Mapped "{[/user/rabbit],methods=[GET]}" onto public java.lang.String com.visualpathit.account.controller.UserController.rabbitmqSetUp()
14:58:25.487 [main] INFO  o.s.t.w.s.s.StandaloneMockMvcBuilder$StaticRequestMappingHandlerMapping#532 Mapped "{[/index],methods=[GET]}" onto public final java.lang.String com.visualpathit.account.controller.UserController.indexHome(org.springframework.ui.Model)
14:58:25.489 [main] INFO  o.s.t.w.s.s.StandaloneMockMvcBuilder$StaticRequestMappingHandlerMapping#532 Mapped "{[/users],methods=[GET]}" onto public java.lang.String com.visualpathit.account.controller.UserController.getAllUsers(org.springframework.ui.Model)
ERROR StatusLogger Log4j2 could not find a logging implementation. Please add log4j-core to the classpath. Using SimpleLogger to log to the console...
14:58:27.405 [main] INFO  o.s.w.s.m.m.a.RequestMappingHandlerAdapter#532 Looking for @ControllerAdvice: org.springframework.test.web.servlet.setup.StubWebApplicationContext@467045c4
14:58:27.715 [main] INFO  o.s.m.w.MockServletContext#390 Initializing Spring FrameworkServlet ''
14:58:27.716 [main] INFO  o.s.t.w.s.TestDispatcherServlet#488 FrameworkServlet '': initialization started
14:58:27.726 [main] INFO  o.s.t.w.s.TestDispatcherServlet#507 FrameworkServlet '': initialization completed in 10 ms
14:58:28.009 [main] INFO  o.s.t.w.s.s.StandaloneMockMvcBuilder$StaticRequestMappingHandlerMapping#532 Mapped "{[/registration],methods=[GET]}" onto public final java.lang.String com.visualpathit.account.controller.UserController.registration(org.springframework.ui.Model)
14:58:28.010 [main] INFO  o.s.t.w.s.s.StandaloneMockMvcBuilder$StaticRequestMappingHandlerMapping#532 Mapped "{[/registration],methods=[POST]}" onto public final java.lang.String com.visualpathit.account.controller.UserController.registration(com.visualpathit.account.model.User,org.springframework.validation.BindingResult,org.springframework.ui.Model)
14:58:28.011 [main] INFO  o.s.t.w.s.s.StandaloneMockMvcBuilder$StaticRequestMappingHandlerMapping#532 Mapped "{[/login],methods=[GET]}" onto public final java.lang.String com.visualpathit.account.controller.UserController.login(org.springframework.ui.Model,java.lang.String,java.lang.String)
14:58:28.012 [main] INFO  o.s.t.w.s.s.StandaloneMockMvcBuilder$StaticRequestMappingHandlerMapping#532 Mapped "{[/ || /welcome],methods=[GET]}" onto public final java.lang.String com.visualpathit.account.controller.UserController.welcome(org.springframework.ui.Model)
14:58:28.013 [main] INFO  o.s.t.w.s.s.StandaloneMockMvcBuilder$StaticRequestMappingHandlerMapping#532 Mapped "{[/users/{id}],methods=[GET]}" onto public java.lang.String com.visualpathit.account.controller.UserController.getOneUser(java.lang.String,org.springframework.ui.Model)
14:58:28.018 [main] INFO  o.s.t.w.s.s.StandaloneMockMvcBuilder$StaticRequestMappingHandlerMapping#532 Mapped "{[/user/{username}],methods=[GET]}" onto public final java.lang.String com.visualpathit.account.controller.UserController.userUpdate(java.lang.String,org.springframework.ui.Model)
14:58:28.020 [main] INFO  o.s.t.w.s.s.StandaloneMockMvcBuilder$StaticRequestMappingHandlerMapping#532 Mapped "{[/user/{username}],methods=[POST]}" onto public final java.lang.String com.visualpathit.account.controller.UserController.userUpdateProfile(java.lang.String,com.visualpathit.account.model.User,org.springframework.ui.Model)
14:58:28.026 [main] INFO  o.s.t.w.s.s.StandaloneMockMvcBuilder$StaticRequestMappingHandlerMapping#532 Mapped "{[/user/rabbit],methods=[GET]}" onto public java.lang.String com.visualpathit.account.controller.UserController.rabbitmqSetUp()
14:58:28.027 [main] INFO  o.s.t.w.s.s.StandaloneMockMvcBuilder$StaticRequestMappingHandlerMapping#532 Mapped "{[/index],methods=[GET]}" onto public final java.lang.String com.visualpathit.account.controller.UserController.indexHome(org.springframework.ui.Model)
14:58:28.027 [main] INFO  o.s.t.w.s.s.StandaloneMockMvcBuilder$StaticRequestMappingHandlerMapping#532 Mapped "{[/users],methods=[GET]}" onto public java.lang.String com.visualpathit.account.controller.UserController.getAllUsers(org.springframework.ui.Model)
14:58:28.077 [main] INFO  o.s.w.s.m.m.a.RequestMappingHandlerAdapter#532 Looking for @ControllerAdvice: org.springframework.test.web.servlet.setup.StubWebApplicationContext@67b68dc3
14:58:28.103 [main] INFO  o.s.m.w.MockServletContext#390 Initializing Spring FrameworkServlet ''
14:58:28.103 [main] INFO  o.s.t.w.s.TestDispatcherServlet#488 FrameworkServlet '': initialization started
14:58:28.103 [main] INFO  o.s.t.w.s.TestDispatcherServlet#507 FrameworkServlet '': initialization completed in 0 ms
14:58:28.131 [main] INFO  o.s.t.w.s.s.StandaloneMockMvcBuilder$StaticRequestMappingHandlerMapping#532 Mapped "{[/registration],methods=[GET]}" onto public final java.lang.String com.visualpathit.account.controller.UserController.registration(org.springframework.ui.Model)
14:58:28.132 [main] INFO  o.s.t.w.s.s.StandaloneMockMvcBuilder$StaticRequestMappingHandlerMapping#532 Mapped "{[/registration],methods=[POST]}" onto public final java.lang.String com.visualpathit.account.controller.UserController.registration(com.visualpathit.account.model.User,org.springframework.validation.BindingResult,org.springframework.ui.Model)
14:58:28.132 [main] INFO  o.s.t.w.s.s.StandaloneMockMvcBuilder$StaticRequestMappingHandlerMapping#532 Mapped "{[/login],methods=[GET]}" onto public final java.lang.String com.visualpathit.account.controller.UserController.login(org.springframework.ui.Model,java.lang.String,java.lang.String)
14:58:28.133 [main] INFO  o.s.t.w.s.s.StandaloneMockMvcBuilder$StaticRequestMappingHandlerMapping#532 Mapped "{[/ || /welcome],methods=[GET]}" onto public final java.lang.String com.visualpathit.account.controller.UserController.welcome(org.springframework.ui.Model)
14:58:28.137 [main] INFO  o.s.t.w.s.s.StandaloneMockMvcBuilder$StaticRequestMappingHandlerMapping#532 Mapped "{[/users/{id}],methods=[GET]}" onto public java.lang.String com.visualpathit.account.controller.UserController.getOneUser(java.lang.String,org.springframework.ui.Model)
14:58:28.139 [main] INFO  o.s.t.w.s.s.StandaloneMockMvcBuilder$StaticRequestMappingHandlerMapping#532 Mapped "{[/user/{username}],methods=[GET]}" onto public final java.lang.String com.visualpathit.account.controller.UserController.userUpdate(java.lang.String,org.springframework.ui.Model)
14:58:28.140 [main] INFO  o.s.t.w.s.s.StandaloneMockMvcBuilder$StaticRequestMappingHandlerMapping#532 Mapped "{[/user/{username}],methods=[POST]}" onto public final java.lang.String com.visualpathit.account.controller.UserController.userUpdateProfile(java.lang.String,com.visualpathit.account.model.User,org.springframework.ui.Model)
14:58:28.141 [main] INFO  o.s.t.w.s.s.StandaloneMockMvcBuilder$StaticRequestMappingHandlerMapping#532 Mapped "{[/user/rabbit],methods=[GET]}" onto public java.lang.String com.visualpathit.account.controller.UserController.rabbitmqSetUp()
14:58:28.142 [main] INFO  o.s.t.w.s.s.StandaloneMockMvcBuilder$StaticRequestMappingHandlerMapping#532 Mapped "{[/index],methods=[GET]}" onto public final java.lang.String com.visualpathit.account.controller.UserController.indexHome(org.springframework.ui.Model)
14:58:28.150 [main] INFO  o.s.t.w.s.s.StandaloneMockMvcBuilder$StaticRequestMappingHandlerMapping#532 Mapped "{[/users],methods=[GET]}" onto public java.lang.String com.visualpathit.account.controller.UserController.getAllUsers(org.springframework.ui.Model)
14:58:28.287 [main] INFO  o.s.w.s.m.m.a.RequestMappingHandlerAdapter#532 Looking for @ControllerAdvice: org.springframework.test.web.servlet.setup.StubWebApplicationContext@4a9463b2
14:58:28.302 [main] INFO  o.s.m.w.MockServletContext#390 Initializing Spring FrameworkServlet ''
14:58:28.302 [main] INFO  o.s.t.w.s.TestDispatcherServlet#488 FrameworkServlet '': initialization started
14:58:28.309 [main] INFO  o.s.t.w.s.TestDispatcherServlet#507 FrameworkServlet '': initialization completed in 7 ms
Model data{}
14:58:28.409 [main] INFO  o.s.t.w.s.s.StandaloneMockMvcBuilder$StaticRequestMappingHandlerMapping#532 Mapped "{[/registration],methods=[GET]}" onto public final java.lang.String com.visualpathit.account.controller.UserController.registration(org.springframework.ui.Model)
14:58:28.414 [main] INFO  o.s.t.w.s.s.StandaloneMockMvcBuilder$StaticRequestMappingHandlerMapping#532 Mapped "{[/registration],methods=[POST]}" onto public final java.lang.String com.visualpathit.account.controller.UserController.registration(com.visualpathit.account.model.User,org.springframework.validation.BindingResult,org.springframework.ui.Model)
14:58:28.414 [main] INFO  o.s.t.w.s.s.StandaloneMockMvcBuilder$StaticRequestMappingHandlerMapping#532 Mapped "{[/login],methods=[GET]}" onto public final java.lang.String com.visualpathit.account.controller.UserController.login(org.springframework.ui.Model,java.lang.String,java.lang.String)
14:58:28.414 [main] INFO  o.s.t.w.s.s.StandaloneMockMvcBuilder$StaticRequestMappingHandlerMapping#532 Mapped "{[/ || /welcome],methods=[GET]}" onto public final java.lang.String com.visualpathit.account.controller.UserController.welcome(org.springframework.ui.Model)
14:58:28.415 [main] INFO  o.s.t.w.s.s.StandaloneMockMvcBuilder$StaticRequestMappingHandlerMapping#532 Mapped "{[/users/{id}],methods=[GET]}" onto public java.lang.String com.visualpathit.account.controller.UserController.getOneUser(java.lang.String,org.springframework.ui.Model)
14:58:28.415 [main] INFO  o.s.t.w.s.s.StandaloneMockMvcBuilder$StaticRequestMappingHandlerMapping#532 Mapped "{[/user/{username}],methods=[GET]}" onto public final java.lang.String com.visualpathit.account.controller.UserController.userUpdate(java.lang.String,org.springframework.ui.Model)
14:58:28.415 [main] INFO  o.s.t.w.s.s.StandaloneMockMvcBuilder$StaticRequestMappingHandlerMapping#532 Mapped "{[/user/{username}],methods=[POST]}" onto public final java.lang.String com.visualpathit.account.controller.UserController.userUpdateProfile(java.lang.String,com.visualpathit.account.model.User,org.springframework.ui.Model)
14:58:28.416 [main] INFO  o.s.t.w.s.s.StandaloneMockMvcBuilder$StaticRequestMappingHandlerMapping#532 Mapped "{[/user/rabbit],methods=[GET]}" onto public java.lang.String com.visualpathit.account.controller.UserController.rabbitmqSetUp()
14:58:28.416 [main] INFO  o.s.t.w.s.s.StandaloneMockMvcBuilder$StaticRequestMappingHandlerMapping#532 Mapped "{[/index],methods=[GET]}" onto public final java.lang.String com.visualpathit.account.controller.UserController.indexHome(org.springframework.ui.Model)
14:58:28.416 [main] INFO  o.s.t.w.s.s.StandaloneMockMvcBuilder$StaticRequestMappingHandlerMapping#532 Mapped "{[/users],methods=[GET]}" onto public java.lang.String com.visualpathit.account.controller.UserController.getAllUsers(org.springframework.ui.Model)
14:58:28.458 [main] INFO  o.s.w.s.m.m.a.RequestMappingHandlerAdapter#532 Looking for @ControllerAdvice: org.springframework.test.web.servlet.setup.StubWebApplicationContext@407858c5
14:58:28.466 [main] INFO  o.s.m.w.MockServletContext#390 Initializing Spring FrameworkServlet ''
14:58:28.468 [main] INFO  o.s.t.w.s.TestDispatcherServlet#488 FrameworkServlet '': initialization started
14:58:28.469 [main] INFO  o.s.t.w.s.TestDispatcherServlet#507 FrameworkServlet '': initialization completed in 0 ms
14:58:28.497 [main] INFO  o.s.t.w.s.s.StandaloneMockMvcBuilder$StaticRequestMappingHandlerMapping#532 Mapped "{[/registration],methods=[GET]}" onto public final java.lang.String com.visualpathit.account.controller.UserController.registration(org.springframework.ui.Model)
14:58:28.498 [main] INFO  o.s.t.w.s.s.StandaloneMockMvcBuilder$StaticRequestMappingHandlerMapping#532 Mapped "{[/registration],methods=[POST]}" onto public final java.lang.String com.visualpathit.account.controller.UserController.registration(com.visualpathit.account.model.User,org.springframework.validation.BindingResult,org.springframework.ui.Model)
14:58:28.498 [main] INFO  o.s.t.w.s.s.StandaloneMockMvcBuilder$StaticRequestMappingHandlerMapping#532 Mapped "{[/login],methods=[GET]}" onto public final java.lang.String com.visualpathit.account.controller.UserController.login(org.springframework.ui.Model,java.lang.String,java.lang.String)
14:58:28.505 [main] INFO  o.s.t.w.s.s.StandaloneMockMvcBuilder$StaticRequestMappingHandlerMapping#532 Mapped "{[/ || /welcome],methods=[GET]}" onto public final java.lang.String com.visualpathit.account.controller.UserController.welcome(org.springframework.ui.Model)
14:58:28.506 [main] INFO  o.s.t.w.s.s.StandaloneMockMvcBuilder$StaticRequestMappingHandlerMapping#532 Mapped "{[/users/{id}],methods=[GET]}" onto public java.lang.String com.visualpathit.account.controller.UserController.getOneUser(java.lang.String,org.springframework.ui.Model)
14:58:28.506 [main] INFO  o.s.t.w.s.s.StandaloneMockMvcBuilder$StaticRequestMappingHandlerMapping#532 Mapped "{[/user/{username}],methods=[GET]}" onto public final java.lang.String com.visualpathit.account.controller.UserController.userUpdate(java.lang.String,org.springframework.ui.Model)
14:58:28.506 [main] INFO  o.s.t.w.s.s.StandaloneMockMvcBuilder$StaticRequestMappingHandlerMapping#532 Mapped "{[/user/{username}],methods=[POST]}" onto public final java.lang.String com.visualpathit.account.controller.UserController.userUpdateProfile(java.lang.String,com.visualpathit.account.model.User,org.springframework.ui.Model)
14:58:28.509 [main] INFO  o.s.t.w.s.s.StandaloneMockMvcBuilder$StaticRequestMappingHandlerMapping#532 Mapped "{[/user/rabbit],methods=[GET]}" onto public java.lang.String com.visualpathit.account.controller.UserController.rabbitmqSetUp()
14:58:28.511 [main] INFO  o.s.t.w.s.s.StandaloneMockMvcBuilder$StaticRequestMappingHandlerMapping#532 Mapped "{[/index],methods=[GET]}" onto public final java.lang.String com.visualpathit.account.controller.UserController.indexHome(org.springframework.ui.Model)
14:58:28.512 [main] INFO  o.s.t.w.s.s.StandaloneMockMvcBuilder$StaticRequestMappingHandlerMapping#532 Mapped "{[/users],methods=[GET]}" onto public java.lang.String com.visualpathit.account.controller.UserController.getAllUsers(org.springframework.ui.Model)
14:58:28.571 [main] INFO  o.s.w.s.m.m.a.RequestMappingHandlerAdapter#532 Looking for @ControllerAdvice: org.springframework.test.web.servlet.setup.StubWebApplicationContext@476bdad6
14:58:28.599 [main] INFO  o.s.m.w.MockServletContext#390 Initializing Spring FrameworkServlet ''
14:58:28.609 [main] INFO  o.s.t.w.s.TestDispatcherServlet#488 FrameworkServlet '': initialization started
14:58:28.609 [main] INFO  o.s.t.w.s.TestDispatcherServlet#507 FrameworkServlet '': initialization completed in 0 ms
14:58:28.638 [main] INFO  o.s.t.w.s.s.StandaloneMockMvcBuilder$StaticRequestMappingHandlerMapping#532 Mapped "{[/registration],methods=[GET]}" onto public final java.lang.String com.visualpathit.account.controller.UserController.registration(org.springframework.ui.Model)
14:58:28.638 [main] INFO  o.s.t.w.s.s.StandaloneMockMvcBuilder$StaticRequestMappingHandlerMapping#532 Mapped "{[/registration],methods=[POST]}" onto public final java.lang.String com.visualpathit.account.controller.UserController.registration(com.visualpathit.account.model.User,org.springframework.validation.BindingResult,org.springframework.ui.Model)
14:58:28.638 [main] INFO  o.s.t.w.s.s.StandaloneMockMvcBuilder$StaticRequestMappingHandlerMapping#532 Mapped "{[/login],methods=[GET]}" onto public final java.lang.String com.visualpathit.account.controller.UserController.login(org.springframework.ui.Model,java.lang.String,java.lang.String)
14:58:28.644 [main] INFO  o.s.t.w.s.s.StandaloneMockMvcBuilder$StaticRequestMappingHandlerMapping#532 Mapped "{[/ || /welcome],methods=[GET]}" onto public final java.lang.String com.visualpathit.account.controller.UserController.welcome(org.springframework.ui.Model)
14:58:28.645 [main] INFO  o.s.t.w.s.s.StandaloneMockMvcBuilder$StaticRequestMappingHandlerMapping#532 Mapped "{[/users/{id}],methods=[GET]}" onto public java.lang.String com.visualpathit.account.controller.UserController.getOneUser(java.lang.String,org.springframework.ui.Model)
14:58:28.645 [main] INFO  o.s.t.w.s.s.StandaloneMockMvcBuilder$StaticRequestMappingHandlerMapping#532 Mapped "{[/user/{username}],methods=[GET]}" onto public final java.lang.String com.visualpathit.account.controller.UserController.userUpdate(java.lang.String,org.springframework.ui.Model)
14:58:28.657 [main] INFO  o.s.t.w.s.s.StandaloneMockMvcBuilder$StaticRequestMappingHandlerMapping#532 Mapped "{[/user/{username}],methods=[POST]}" onto public final java.lang.String com.visualpathit.account.controller.UserController.userUpdateProfile(java.lang.String,com.visualpathit.account.model.User,org.springframework.ui.Model)
14:58:28.658 [main] INFO  o.s.t.w.s.s.StandaloneMockMvcBuilder$StaticRequestMappingHandlerMapping#532 Mapped "{[/user/rabbit],methods=[GET]}" onto public java.lang.String com.visualpathit.account.controller.UserController.rabbitmqSetUp()
14:58:28.658 [main] INFO  o.s.t.w.s.s.StandaloneMockMvcBuilder$StaticRequestMappingHandlerMapping#532 Mapped "{[/index],methods=[GET]}" onto public final java.lang.String com.visualpathit.account.controller.UserController.indexHome(org.springframework.ui.Model)
14:58:28.658 [main] INFO  o.s.t.w.s.s.StandaloneMockMvcBuilder$StaticRequestMappingHandlerMapping#532 Mapped "{[/users],methods=[GET]}" onto public java.lang.String com.visualpathit.account.controller.UserController.getAllUsers(org.springframework.ui.Model)
14:58:28.711 [main] INFO  o.s.w.s.m.m.a.RequestMappingHandlerAdapter#532 Looking for @ControllerAdvice: org.springframework.test.web.servlet.setup.StubWebApplicationContext@545dedf4
14:58:28.731 [main] INFO  o.s.m.w.MockServletContext#390 Initializing Spring FrameworkServlet ''
14:58:28.731 [main] INFO  o.s.t.w.s.TestDispatcherServlet#488 FrameworkServlet '': initialization started
14:58:28.731 [main] INFO  o.s.t.w.s.TestDispatcherServlet#507 FrameworkServlet '': initialization completed in 0 ms
[INFO] Tests run: 6, Failures: 0, Errors: 0, Skipped: 0, Time elapsed: 5.255 s -- in com.visualpathit.account.controllerTest.UserControllerTest
[INFO] Running com.visualpathit.account.controllerTest.SampleTest
[INFO] Tests run: 1, Failures: 0, Errors: 0, Skipped: 0, Time elapsed: 0.003 s -- in com.visualpathit.account.controllerTest.SampleTest
[INFO] Running com.visualpathit.account.modelTest.RoleTest
Test Completed
[INFO] Tests run: 1, Failures: 0, Errors: 0, Skipped: 0, Time elapsed: 0.007 s -- in com.visualpathit.account.modelTest.RoleTest
[INFO] Running com.visualpathit.account.modelTest.UserTest
Test Completed
[INFO] Tests run: 1, Failures: 0, Errors: 0, Skipped: 0, Time elapsed: 0.001 s -- in com.visualpathit.account.modelTest.UserTest
[INFO] 
[INFO] Results:
[INFO] 
[INFO] Tests run: 9, Failures: 0, Errors: 0, Skipped: 0
[INFO] 
[INFO] ------------------------------------------------------------------------
[INFO] BUILD SUCCESS
[INFO] ------------------------------------------------------------------------
[INFO] Total time:  11.491 s
[INFO] Finished at: 2024-07-15T14:58:29Z
[INFO] ------------------------------------------------------------------------
[8mha:////4LiBrojp7Up7bGu7GEo/6gFrbL+vVjl875Jptq7CpJYnAAAApR+LCAAAAAAAAP9tjTEOwjAQBC9BFLSUPOJSIESBqNJabniBiY1xYt0Z2yGpeBFf4w8EIlGxxWpnm3m+YJkiHDlabA11jlLjMPjeTgsHjt3F84Atn7FhSuwNSjNI1qaeUXI2MKcoYSFgZajxnBzZDGvRqruqvCJbnXKcvoOA0ukbPKAQkzmrmL8wRthce52Yfp6/AhhDyFBu95/avQElECzevgAAAA==[0m[Pipeline] }
[8mha:////4E58nxFBJEXWSP/JzNFebN6kiwm1SCvQKzkRNt7CdXD9AAAApR+LCAAAAAAAAP9tjTEOwjAQBC9BFLSUPOJSQIGEqNJabniBiY1xYt0Z2yGpeBFf4w8EIlGxxWpnm3m+YJkiHDlabA11jlLjMPjeTgsHjt3F84Atn7FhSuwNSjNI1qaeUXI2MKcoYSFgZajxnBzZDGvRqruqvCJbnXKcvoOA0ukbPKAQkzmrmL8wRthce52Yfp6/AhhDyFBu95/avQFmkn1YvgAAAA==[0m[Pipeline] // withEnv
[8mha:////4Bey0JlBlCIi1WsN3gaQyPku2RiqOWWcYgvJlLQSyBpHAAAApR+LCAAAAAAAAP9tjTEOwjAQBC9BFLSUPOIiQRUhqrRWGl5gYmOcWHfGdkgqXsTX+AMWkajYYrWzzbzesI4BThwM9poGS7Gz6N1o8sKJw3B1PGHPF+yYIjuNrZ5aVrpZsOWkYUlRwkrARlPnOFoyCbailw9ZOUmmOqeQv6OA0qo7PKEQ2ZxkSF+YA+xuo4pMP89fAczeJygPda59/QE/DIv0vgAAAA==[0m[Pipeline] }
[8mha:////4K4wn84TzmcgCJqdSr9FaRo+JAbCwWA4PBWTulj33KO6AAAAph+LCAAAAAAAAP9tjTEOwjAQBC9BFLSUPOKCEAUSSkVrueEFJjHGiXUXbAen4kV8jT9gEYmKLVY728zrDcvgoWZvsNPUWwqNxcGNJi9M7Pur44QdX7BhCuw0Sp0kt/o0o+SoYU5RwkLASlPjOFgyEdaiUw9VOUWmOkefv6OA0rZ3eEIhsjkqH78wedjcxjYw/Tx/BTANQ4Ryv821O3wA71MkYb4AAAA=[0m[Pipeline] // stage
[8mha:////4ACgZu3mQKG/h2NgulXdY3Upp2bWVCjt4FbYODRTzxG1AAAApx+LCAAAAAAAAP9tjTEOwjAUQ3+DOrAycohUlbohJtaoCycIaQhJo//bJKWdOBFX4w4EKjHhwbItWe/5gjIGOFIw3GnsLUZl+eAnkxOfKfRXTzN3dOGKMJLXvNVzS50+rbWlpGFVwWAjYKtReYoWTYKdcPIuKy/RVOcU8nYQwGw3wgMKkclJhvQtS4D9beoi4Y/zFwDLkIDVTbam/jzLNyT9UT7CAAAA[0m[Pipeline] stage
[8mha:////4Eb6OFuhpOe1yYxl8THKdSnrKLpo/h2y+Uarguvw/aaHAAAApx+LCAAAAAAAAP9tjTEOwjAUQ3+LOrAycohUIDbE1DXKwglCE0La6P/yk9JOnIircQdaKjHhwbItWe/1hiIynIidaCy2HmPtRRd6NyUxELfXQINo6CJqwkjBCmUHRcZWS1WULCzKclhJWFusA0WPLsFGNvqhy6DRlefE03aUkHtzhydkciInzelbRobtrTeR8Mf5C4CxS5AfdrPt52fxAdhUMVHCAAAA[0m[Pipeline] { (CODE_ANALYSIS -- using checkstyle)
[8mha:////4C9NtmctQWHTFLvGWeCJ/z8kPxJ829kn5Rvre8KZnXeQAAAApB+LCAAAAAAAAP9tjTEOwjAQBC9BFLSUPOIiAR2iSmu54QUmNsaJdWdsh6TiRXyNPxCIRMUWq51t5vmCZYpw5GixNdQ5So3D4Hs7LRw4dhfPA7Z8xoYpsTcozSBZm3pGydnAnKKEhYCVocZzcmQzrEWr7qryimx1ynH6DgJKp2/wgEJM5qxi/sIYYXPtdWL6ef4KYAwZyv32U7vwBvbls1O+AAAA[0m[Pipeline] tool
[8mha:////4K/rQows4jU1wUMWwHPZe/zp+wjbOzazi6+DPCqpUKRkAAAApB+LCAAAAAAAAP9tjTEOwjAQBC9BFLSUPOIioXSIitZKwwtMYowd686xHZyKF/E1/kAgEhVbrHa2mecL1jHAkYNGq6g3FFuD3o16Xpg59FfHGS1fsGWK7BQ2KjfcqdOCDScFS4oSVgI2ilrH0ZBOsBVW3mXlJOnqnML8HQSUphvgAYWYzUmG9IUpwO42dpHp5/krgMknKOv9p2r/BjFz8hy+AAAA[0m[Pipeline] envVarsForTool
[8mha:////4AnC5RR9+g5eCi/QCxdp43P7Kpn/BTPJz3Rx+xuwLJgqAAAApB+LCAAAAAAAAP9tjTEOwjAQBC9BFLSUPOIiIagQVVrLDS8wsTFOrDtjOyQVL+Jr/IFAJCq2WO1sM88XLFOEI0eLraHOUWocBt/baeHAsbt4HrDlMzZMib1BaQbJ2tQzSs4G5hQlLASsDDWekyObYS1adVeVV2SrU47TdxBQOn2DBxRiMmcV8xfGCJtrrxPTz/NXAGPIUO62n9qHN3BC6QW+AAAA[0m[Pipeline] tool
[8mha:////4JlEqsFPN/iXug+LZwq9wWHWYI7zfCAXd29DzmiGZVloAAAApR+LCAAAAAAAAP9tjTEOwjAQBC9BFLSUPOIiIUSDqNJabniBiY1xYt0Z2yGpeBFf4w8EIlGxxWpnm3m+YJkiHDlabA11jlLjMPjeTgsHjt3F84Atn7FhSuwNSjNI1qaeUXI2MKcoYSFgZajxnBzZDGvRqruqvCJbnXKcvoOA0ukbPKAQkzmrmL8wRthce52Yfp6/AhhDhnK3/dQ+vAGzEcQuvgAAAA==[0m[Pipeline] envVarsForTool
[8mha:////4LFlVnHni+Sb7wTxH8Y0UEOYgcJFjL+3IraxPH0d8TL7AAAAqB+LCAAAAAAAAP9tjTEOwjAUQ3+LOrAycohUQkgMiKlrlIUThCaEtNH/5SelnTgRV+MOtFRiwoNlW7Le6w1FZDgRO9FYbD3G2osu9G5KYiBur4EG0dBF1ISRghXKDoqMrZaqKFlYlOWwkrC2WAeKHl2CjWz0Q5dBoyvPiaftKCH35g5PyORETprTt4wM21tvIuGP8xcAY5cg3+9mO8zP4gNqox6YwgAAAA==[0m[Pipeline] withEnv
[8mha:////4A4pobXzBgWlHapx3LuEwhupGRTKZ3Svnrsp6Yig2rHzAAAAqB+LCAAAAAAAAP9tjTEOwjAUQ3+LOrAycoh0QQIJMXWNsnCC0ISQNvq//KS0EyfiatyBlkpMeLBsS9Z7vaGIDCdiJxqLrcdYe9GF3k1JDMTtNdAgGrqImjBSsELZQZGx1VIVJQuLshxWEtYW60DRo0uwkY1+6DJodOU58bQdJeTe3OEJmZzISXP6lpFhe+tNJPxx/gJg7BLku/1sh/lZfAD9vR8YwgAAAA==[0m[Pipeline] {
[8mha:////4MyhySCygOQlrlvyUSZ2P0igEstgPJXdnb7c7hhgbeulAAAApB+LCAAAAAAAAP9tjTEOwjAQBC9BFLSUPOLSUIAQVVrLDS8wsTFOrDtjOyQVL+Jr/IFAJCq2WO1sM88XLFOEI0eLraHOUWocBt/baeHAsbt4HrDlMzZMib1BaQbJ2tQzSs4G5hQlLASsDDWekyObYS1adVeVV2SrU47TdxBQOn2DBxRiMmcV8xfGCJtrrxPTz/NXAGPIUG53n9qHNzJSLA2+AAAA[0m[Pipeline] sh
+ mvn checkstyle:checkstyle
[INFO] Scanning for projects...
[INFO] 
[INFO] ---------------------< com.visualpathit:vprofile >----------------------
[INFO] Building Visualpathit VProfile Webapp v2
[INFO]   from pom.xml
[INFO] --------------------------------[ war ]---------------------------------
[WARNING] The artifact mysql:mysql-connector-java:jar:8.0.32 has been relocated to com.mysql:mysql-connector-j:jar:8.0.32: MySQL Connector/J artifacts moved to reverse-DNS compliant Maven 2+ coordinates.
[INFO] 
[INFO] --- checkstyle:3.4.0:checkstyle (default-cli) @ vprofile ---
[INFO] Rendering content with org.apache.maven.skins:maven-default-skin:jar:1.3 skin.
[INFO] There are 706 errors reported by Checkstyle 9.3 with sun_checks.xml ruleset.
[WARNING] Unable to locate Source XRef to link to - DISABLED
[WARNING] Unable to locate Test Source XRef to link to - DISABLED
[INFO] ------------------------------------------------------------------------
[INFO] BUILD SUCCESS
[INFO] ------------------------------------------------------------------------
[INFO] Total time:  7.136 s
[INFO] Finished at: 2024-07-15T14:58:39Z
[INFO] ------------------------------------------------------------------------
Post stage
[8mha:////4ExfxGQpIc8ikqPn73VZHgREQl4gA5vpqbKGRUfbwmwcAAAAph+LCAAAAAAAAP9tjTEOwjAQBC9BFLSUPOJCARISSkVrueEFJjHGiXUXbAen4kV8jT9gEYmKLVY728zrDcvgoWZvsNPUWwqNxcGNJi9M7Pur44QdX7BhCuw0Sp0kt/o0o+SoYU5RwkLASlPjOFgyEdaiUw9VOUWmOkefv6OA0rZ3eEIhsjkqH78wedjcxjYw/Tx/BTANEcrdIdd+O3wATIMs3b4AAAA=[0m[Pipeline] echo
Generated checkstyle results now you can check for directoiry in workshop
[8mha:////4LtDsYxR7GXdZmq5+ozY4danCNreT4ljTcwHvUupgYhhAAAAph+LCAAAAAAAAP9tjTEOwjAQBC9BFLSUPOIiJJCQUCpayw0vMIkxTqy7YDs4FS/ia/wBi0hUbLHa2WZeb1gGDzV7g52m3lJoLA5uNHlhYt9fHSfs+IINU2CnUeokudWnGSVHDXOKEhYCVpoax8GSibAWnXqoyiky1Tn6/B0FlLa9wxMKkc1R+fiFycPmNraB6ef5K4BpGCKU+22u3eEDeCxVWr4AAAA=[0m[Pipeline] }
[8mha:////4E2TnFa7CXDwfeD1fTaMwP3MVSHCdmzrrUHC4KnlnkI+AAAAph+LCAAAAAAAAP9tjTEOwjAQBC9BFLSUPOIiIRAFSkVrueEFJjHGiXUXbAen4kV8jT9gEYmKLVY728zrDcvgoWZvsNPUWwqNxcGNJi9M7Pur44QdX7BhCuw0Sp0kt/o0o+SoYU5RwkLASlPjOFgyEdaiUw9VOUWmOkefv6OA0rZ3eEIhsjkqH78wedjcxjYw/Tx/BTANQ4Ryv821O3wAR0N+TL4AAAA=[0m[Pipeline] // withEnv
[8mha:////4JJskDjen8g9lC26SNEmPXRoif7hbszm10Fq1EC+u0KTAAAApR+LCAAAAAAAAP9tjTsOwjAQRDdBFLSUHGIj8alQKlrLDScwiTFOrN1gOzgVJ+Jq3AGLSFRMMZo3zXu9YRk81OwNdpp6S6GxOLjR5IWJfX91nLDjCzZMgZ1GqZPkVp9mlBw1zClKWAhYaWocB0smwlp06qEqp8hU5+jzdxRQ2vYOTyhENkfl4xcmD5vb2Aamn+evAKZhiFAedrn22w9tZEj3vgAAAA==[0m[Pipeline] }
[8mha:////4LrSzChjuCLiYE+KE1h09xtjyH9ZqaNpBIqsWoxma5n4AAAApR+LCAAAAAAAAP9tjTEOwjAQBC9BFLSUPMIRUqgQVVorDS8w8WGcWHfGdkgqXsTX+AMWkajYYrWzzbzesI4BThyM6JEGS7GzwrvR5CUmDsPV8SR6voiOKbJD0eLUssZmwZYTwpKihJWEDVLnOFoyCbayVw9VOUWmOqeQv6OE0uo7PKGQ2ZxUSF+YA+xuo45MP89fAczeJygPda56/wFvBURzvgAAAA==[0m[Pipeline] // stage
[8mha:////4CArb5UxeSUAyjjy8Q8rZV2G8W2JZLNhyJ/PoMN3apvKAAAAqB+LCAAAAAAAAP9tjTEOwjAUQ3+LOrAycohUSHRCTF2jLJwgJCGkjf4vSUo7cSKuxh0IVGLCg2Vbst7zBVUMcKRgWWewdxiVY4MfbU5sotBfPE2sozNThJG8YcJMgrRplyooGVhUlLDisDaoPEWHNsGGd/Iuay/R1qcU8nbgUDp9gwcUPJOTDOlb5gDb66gj4Y/zFwDzkKDc7bM1zedZvQGGtLcDwgAAAA==[0m[Pipeline] stage
[8mha:////4NDT7LugT+UDjbB7sUl8FV9wQ8FwUtzFZ/31Mom4h+GXAAAAph+LCAAAAAAAAP9tjTEOwjAUQ3+LOrAycoh0KgtiYo2ycILQhJA0+r9NUtKJE3E17kBLJSY8WLYl673eUMUAJwqGOY2dxdha1vvRzIllCt3NU2aOrqwljOQ1EzoLUvq8VkFJw6qihA2HrcbWU7RoEuy4kw9Ze4mmvqQwb0cOpVUDPKHgMznJkL5lCrC/jyoS/jh/ATD1CcqmWeywPKsPlyKrR8IAAAA=[0m[Pipeline] { (CODE_ANALYSIS -- using SonarScanner & uploading junit jacaco checkstyle results into sonar)
[8mha:////4NJmy+pbZ5pgRDs0NYwg2V54VO8jIAdzTg85Hc4W8FmfAAAApB+LCAAAAAAAAP9tjTEOwjAQBC9BFLSUPOJSAQWiSmu54QUmNsaJdWdsh6TiRXyNPxCIRMUWq51t5vmCZYpw5GixNdQ5So3D4Hs7LRw4dhfPA7Z8xoYpsTcozSBZm3pGydnAnKKEhYCVocZzcmQzrEWr7qryimx1ynH6DgJKp2/wgEJM5qxi/sIYYXPtdWL6ef4KYAwZyu3uU/vwBkhu+A6+AAAA[0m[Pipeline] tool
[8mha:////4MapyJ5q+MnzUNjIyXT9jXms5MgALBtfMI2z8GSUSPiCAAAApx+LCAAAAAAAAP9tjTEOwjAUQ3+LOrAycoh0AiEhpq5RFk4QmhDSRv+Xn5R24kRcjTvQUokJD5ZtyXqvNxSR4UTsRGOx9RhrL7rQuymJgbi9BhpEQxdRE0YKVig7KDK2WqqiZGFRlsNKwtpiHSh6dAk2stEPXQaNrjwnnrajhNybOzwhkxM5aU7fMjJsb72JhD/OXwCMXYJ8t5/tMD+LD+YlQ+TCAAAA[0m[Pipeline] withEnv
[8mha:////4Jan2Lyyn+rMxLoCcU7Iq7bTbO1ZTSigT7gunOsgK8ZPAAAApx+LCAAAAAAAAP9tjTEOwjAUQ3+LOrAycoh0QgIhpq5RFk4QmhDSRv+Xn5R24kRcjTvQUokJD5ZtyXqvNxSR4UTsRGOx9RhrL7rQuymJgbi9BhpEQxdRE0YKVig7KDK2WqqiZGFRlsNKwtpiHSh6dAk2stEPXQaNrjwnnrajhNybOzwhkxM5aU7fMjJsb72JhD/OXwCMXYJ8t5/tMD+LD0XdaX3CAAAA[0m[Pipeline] {
[8mha:////4APkV8yfiR8g5DVpeCd2Zpk8qL1VJm6ve1vRWhx9jd/PAAAApR+LCAAAAAAAAP9tjTEOwjAQBC9BFLSUPOJCAxJCqWgtN7zAJMY4se6C7eBUvIiv8QcsIlGxxWpnm3m9YRk81OwNdpp6S6GxOLjR5IWJfX91nLDjCzZMgZ1GqZPkVp9mlBw1zClKWAhYaWocB0smwlp06qEqp8hU5+jzdxRQ2vYOTyhENkfl4xcmD5vb2Aamn+evAKYhQrk75Npvhw8/Nre1vgAAAA==[0m[Pipeline] tool
[8mha:////4Kh6Wgju1pGr9BzyTsDKHAPoTqv5Mg6SxAMWWT9dHkJ5AAAAph+LCAAAAAAAAP9tjTEOwjAQBC9BFLSUPOIiCpAQSkVrueEFJjHGiXUXbAen4kV8jT9gEYmKLVY728zrDcvgoWZvsNPUWwqNxcGNJi9M7Pur44QdX7BhCuw0Sp0kt/o0o+SoYU5RwkLASlPjOFgyEdaiUw9VOUWmOkefv6OA0rZ3eEIhsjkqH78wedjcxjYw/Tx/BTANEcrdIdd+O3wAfgesrL4AAAA=[0m[Pipeline] envVarsForTool
[8mha:////4MbtvGtQaiI//P5dEqTdWPZKlTHCegib0LxkdNohYw2hAAAAph+LCAAAAAAAAP9tjTEOwjAQBC9BFLSUPOIiIYGEUCpayw0vMIkxTqy7YDs4FS/ia/wBi0hUbLHa2WZeb1gGDzV7g52m3lJoLA5uNHlhYt9fHSfs+IINU2CnUeokudWnGSVHDXOKEhYCVpoax8GSibAWnXqoyiky1Tn6/B0FlLa9wxMKkc1R+fiFycPmNraB6ef5K4BpiFDuDrn22+EDvVSBh74AAAA=[0m[Pipeline] tool
[8mha:////4L8X9jHTQC/G/0bfJ5PZSGCk9z8tA5Rt6Il0fb9q+A6jAAAAph+LCAAAAAAAAP9tjTEOwjAQBC9BFLSUPOJSIJAQSkVrueEFJjHGiXUXbAen4kV8jT9gEYmKLVY728zrDcvgoWZvsNPUWwqNxcGNJi9M7Pur44QdX7BhCuw0Sp0kt/o0o+SoYU5RwkLASlPjOFgyEdaiUw9VOUWmOkefv6OA0rZ3eEIhsjkqH78wedjcxjYw/Tx/BTANEcrdIdd+O3wA/GWanr4AAAA=[0m[Pipeline] envVarsForTool
[8mha:////4OyUdsB9j7Mk9rBYkIsBf0BjwQPslogVf43ffLst6uZ1AAAAqB+LCAAAAAAAAP9tjTEOwjAUQ3+LOrAycoh0ASSEOrFGXThBaEJIGv1fkpR04kRcjTsQqMSEB8u2ZL3nC6rgoSGvmVXYGwydYYMbdU4ske8vjhKzdGYdYSCnWKtSS1Id59pSVDCrKGHBYamwcxQM6ggrbsVd1E6grk/R5+3AoTTyBg8oeCZH4eO3TB7W11EGwh/nLwCmIUK53WfbbT7P6g3GC5ExwgAAAA==[0m[Pipeline] withEnv
[8mha:////4BnrxoluMeudOWFyz5Knd1RwPokbLUNh4AW7faVUoQr0AAAApx+LCAAAAAAAAP9tjTEOwjAUQ3+LOrAycoh0ARbE1DXKwglCE0La6P/yk9JOnIircQdaKjHhwbItWe/1hiIynIidaCy2HmPtRRd6NyUxELfXQINo6CJqwkjBCmUHRcZWS1WULCzKclhJWFusA0WPLsFGNvqhy6DRlefE03aUkHtzhydkciInzelbRobtrTeR8Mf5C4CxS5AfdrPt52fxAZRHx0bCAAAA[0m[Pipeline] {
[8mha:////4AEyFeslUh8G8zweZ87bm8hgPopzeKm2VssR3QKv93EUAAAAph+LCAAAAAAAAP9tjTEOwjAUQ3+DOrAycoh0ogtiYo26cILQhJA0+r9NUtKJE3E17kBLJSY8WLYl673eUMYAJwqGO42dxdha3vvRzIlnCt3NU+aOrrwljOQ1b3RuSOnzWhtKGlYVDDYCthpbT9GiSbATTj5k5SWa6pLCvB0FMKsGeEIhZnKSIX3LFGB/H1Uk/HH+AmDqE7D6sFi9PMsP+urdAcIAAAA=[0m[Pipeline] withSonarQubeEnv
Injecting SonarQube environment variables using the configuration: sonarServer
[8mha:////4NSrhlqqhFh7iClVsBElu/PK0+Sq+bAyOM37vzRpmX23AAAAph+LCAAAAAAAAP9tjTEOwjAUQ3+LOrAycoh0KwNiYo2ycILQhJA0+r9NUtKJE3E17kBLJSY8WLYl673eUMUAJwqGOY2dxdha1vvRzIllCt3NU2aOrqwljOQ1EzoLUvq8VkFJw6qihA2HrcbWU7RoEuy4kw9Ze4mmvqQwb0cOpVUDPKHgMznJkL5lCrC/jyoS/jh/ATD1CcqmWeywPKsPXl9jU8IAAAA=[0m[Pipeline] {
[8mha:////4E5TtvVC981ihvKCpyjPJvYc/GAVhH5pF3/Qbq4dc72NAAAApB+LCAAAAAAAAP9tjTEOwjAQBC9BFLSUPOLSARKiSmu54QUmNsaJdWdsh6TiRXyNPxCIRMUWq51t5vmCZYpw5GixNdQ5So3D4Hs7LRw4dhfPA7Z8xoYpsTcozSBZm3pGydnAnKKEhYCVocZzcmQzrEWr7qryimx1ynH6DgJKp2/wgEJM5qxi/sIYYXPtdWL6ef4KYAwZyu3uU/vwBonA3qO+AAAA[0m[Pipeline] sh
+ /var/lib/jenkins/tools/hudson.plugins.sonar.SonarRunnerInstallation/sonar4.7/bin/sonar-scanner -Dsonar.projectKey=vprofile -Dsonar.projectName=vprofile-repo -Dsonar.projectVersion=1.0 -Dsonar.sources=src/ -Dsonar.java.binaries=target/test-classes/com/visualpathit/account/controllerTest/ -Dsonar.junit.reportsPath=target/surefire-reports/ -Dsonar.jacoco.reportsPath=target/jacoco.exec -Dsonar.java.checkstyle.reportPaths=target/checkstyle-result.xml
INFO: Scanner configuration file: /var/lib/jenkins/tools/hudson.plugins.sonar.SonarRunnerInstallation/sonar4.7/conf/sonar-scanner.properties
INFO: Project root configuration file: NONE
INFO: SonarScanner 4.7.0.2747
INFO: Java 11.0.23 Ubuntu (64-bit)
INFO: Linux 6.5.0-1022-aws amd64
INFO: User cache: /var/lib/jenkins/.sonar/cache
INFO: Scanner configuration file: /var/lib/jenkins/tools/hudson.plugins.sonar.SonarRunnerInstallation/sonar4.7/conf/sonar-scanner.properties
INFO: Project root configuration file: NONE
INFO: Analyzing on SonarQube server 8.3.0
INFO: Default locale: "en", source code encoding: "UTF-8" (analysis is platform dependent)
INFO: Load global settings
INFO: Load global settings (done) | time=74ms
INFO: Server id: 86E1FA4D-AZC2WWlyrdQ75bRPYmSP
INFO: User cache: /var/lib/jenkins/.sonar/cache
INFO: Load/download plugins
INFO: Load plugins index
INFO: Load plugins index (done) | time=63ms
INFO: Load/download plugins (done) | time=190ms
INFO: Process project properties
INFO: Process project properties (done) | time=16ms
INFO: Execute project builders
INFO: Execute project builders (done) | time=10ms
INFO: Project key: vprofile
INFO: Base dir: /var/lib/jenkins/workspace/5_including_sonarqube-quality gates
INFO: Working dir: /var/lib/jenkins/workspace/5_including_sonarqube-quality gates/.scannerwork
INFO: Load project settings for component key: 'vprofile'
INFO: Load project settings for component key: 'vprofile' (done) | time=13ms
INFO: Load quality profiles
INFO: Load quality profiles (done) | time=61ms
INFO: Auto-configuring with CI 'Jenkins'
INFO: Load active rules
INFO: Load active rules (done) | time=879ms
INFO: Indexing files...
INFO: Project configuration:
INFO: Load project repositories
INFO: Load project repositories (done) | time=35ms
INFO: 71 files indexed
INFO: 0 files ignored because of scm ignore settings
INFO: Quality profile for css: Sonar way
INFO: Quality profile for java: Sonar way
INFO: Quality profile for jsp: Sonar way
INFO: Quality profile for xml: Sonar way
INFO: ------------- Run sensors on module vprofile-repo
INFO: Load metrics repository
INFO: Load metrics repository (done) | time=73ms
WARNING: An illegal reflective access operation has occurred
WARNING: Illegal reflective access by net.sf.cglib.core.ReflectUtils$1 (file:/var/lib/jenkins/.sonar/cache/54f6535c111cefad0fb6a09ba3e61922/sonar-javascript-plugin.jar) to method java.lang.ClassLoader.defineClass(java.lang.String,byte[],int,int,java.security.ProtectionDomain)
WARNING: Please consider reporting this to the maintainers of net.sf.cglib.core.ReflectUtils$1
WARNING: Use --illegal-access=warn to enable warnings of further illegal reflective access operations
WARNING: All illegal access operations will be denied in a future release
INFO: Sensor JavaSquidSensor [java]
INFO: Configured Java source version (sonar.java.source): none
INFO: JavaClasspath initialization
WARN: Bytecode of dependencies was not provided for analysis of source files, you might end up with less precise results. Bytecode can be provided using sonar.java.libraries property.
INFO: JavaClasspath initialization (done) | time=29ms
INFO: JavaTestClasspath initialization
INFO: JavaTestClasspath initialization (done) | time=0ms
INFO: Java Main Files AST scan
INFO: 26 source files to be analyzed
INFO: 26/26 source files have been analyzed
INFO: Java Main Files AST scan (done) | time=6810ms
INFO: Java Test Files AST scan
INFO: 0 source files to be analyzed
INFO: Java Test Files AST scan (done) | time=4ms
INFO: Java Generated Files AST scan
INFO: 0 source files to be analyzed
INFO: Java Generated Files AST scan (done) | time=1ms
INFO: Sensor JavaSquidSensor [java] (done) | time=7165ms
INFO: Sensor SonarCSS Metrics [cssfamily]
INFO: 0/0 source files have been analyzed
INFO: 0/0 source files have been analyzed
INFO: Sensor SonarCSS Metrics [cssfamily] (done) | time=159ms
INFO: Sensor SonarCSS Rules [cssfamily]
ERROR: CSS rules were not executed. Error when running: 'node -v'. Is Node.js available during analysis?
org.sonarsource.nodejs.NodeCommandException: Error when running: 'node -v'. Is Node.js available during analysis?
	at org.sonarsource.nodejs.NodeCommand.start(NodeCommand.java:83)
	at org.sonarsource.nodejs.NodeCommandBuilderImpl.getVersion(NodeCommandBuilderImpl.java:196)
	at org.sonarsource.nodejs.NodeCommandBuilderImpl.checkNodeCompatibility(NodeCommandBuilderImpl.java:169)
	at org.sonarsource.nodejs.NodeCommandBuilderImpl.build(NodeCommandBuilderImpl.java:144)
	at org.sonar.css.plugin.server.CssAnalyzerBridgeServer.initNodeCommand(CssAnalyzerBridgeServer.java:133)
	at org.sonar.css.plugin.server.CssAnalyzerBridgeServer.startServer(CssAnalyzerBridgeServer.java:101)
	at org.sonar.css.plugin.server.CssAnalyzerBridgeServer.startServerLazily(CssAnalyzerBridgeServer.java:153)
	at org.sonar.css.plugin.CssRuleSensor.execute(CssRuleSensor.java:99)
	at org.sonar.scanner.sensor.AbstractSensorWrapper.analyse(AbstractSensorWrapper.java:48)
	at org.sonar.scanner.sensor.ModuleSensorsExecutor.execute(ModuleSensorsExecutor.java:85)
	at org.sonar.scanner.sensor.ModuleSensorsExecutor.lambda$execute$1(ModuleSensorsExecutor.java:59)
	at org.sonar.scanner.sensor.ModuleSensorsExecutor.withModuleStrategy(ModuleSensorsExecutor.java:77)
	at org.sonar.scanner.sensor.ModuleSensorsExecutor.execute(ModuleSensorsExecutor.java:59)
	at org.sonar.scanner.scan.ModuleScanContainer.doAfterStart(ModuleScanContainer.java:82)
	at org.sonar.core.platform.ComponentContainer.startComponents(ComponentContainer.java:137)
	at org.sonar.core.platform.ComponentContainer.execute(ComponentContainer.java:123)
	at org.sonar.scanner.scan.ProjectScanContainer.scan(ProjectScanContainer.java:386)
	at org.sonar.scanner.scan.ProjectScanContainer.scanRecursively(ProjectScanContainer.java:382)
	at org.sonar.scanner.scan.ProjectScanContainer.doAfterStart(ProjectScanContainer.java:351)
	at org.sonar.core.platform.ComponentContainer.startComponents(ComponentContainer.java:137)
	at org.sonar.core.platform.ComponentContainer.execute(ComponentContainer.java:123)
	at org.sonar.scanner.bootstrap.GlobalContainer.doAfterStart(GlobalContainer.java:141)
	at org.sonar.core.platform.ComponentContainer.startComponents(ComponentContainer.java:137)
	at org.sonar.core.platform.ComponentContainer.execute(ComponentContainer.java:123)
	at org.sonar.batch.bootstrapper.Batch.doExecute(Batch.java:72)
	at org.sonar.batch.bootstrapper.Batch.execute(Batch.java:66)
	at org.sonarsource.scanner.api.internal.batch.BatchIsolatedLauncher.execute(BatchIsolatedLauncher.java:46)
	at java.base/jdk.internal.reflect.NativeMethodAccessorImpl.invoke0(Native Method)
	at java.base/jdk.internal.reflect.NativeMethodAccessorImpl.invoke(NativeMethodAccessorImpl.java:62)
	at java.base/jdk.internal.reflect.DelegatingMethodAccessorImpl.invoke(DelegatingMethodAccessorImpl.java:43)
	at java.base/java.lang.reflect.Method.invoke(Method.java:566)
	at org.sonarsource.scanner.api.internal.IsolatedLauncherProxy.invoke(IsolatedLauncherProxy.java:60)
	at com.sun.proxy.$Proxy0.execute(Unknown Source)
	at org.sonarsource.scanner.api.EmbeddedScanner.doExecute(EmbeddedScanner.java:189)
	at org.sonarsource.scanner.api.EmbeddedScanner.execute(EmbeddedScanner.java:138)
	at org.sonarsource.scanner.cli.Main.execute(Main.java:112)
	at org.sonarsource.scanner.cli.Main.execute(Main.java:75)
	at org.sonarsource.scanner.cli.Main.main(Main.java:61)
Caused by: java.io.IOException: Cannot run program "node": error=2, No such file or directory
	at java.base/java.lang.ProcessBuilder.start(ProcessBuilder.java:1128)
	at java.base/java.lang.ProcessBuilder.start(ProcessBuilder.java:1071)
	at org.sonarsource.nodejs.NodeCommand$ProcessWrapperImpl.start(NodeCommand.java:175)
	at org.sonarsource.nodejs.NodeCommand.start(NodeCommand.java:79)
	... 37 common frames omitted
Caused by: java.io.IOException: error=2, No such file or directory
	at java.base/java.lang.ProcessImpl.forkAndExec(Native Method)
	at java.base/java.lang.ProcessImpl.<init>(ProcessImpl.java:340)
	at java.base/java.lang.ProcessImpl.start(ProcessImpl.java:271)
	at java.base/java.lang.ProcessBuilder.start(ProcessBuilder.java:1107)
	... 40 common frames omitted

INFO: Sensor SonarCSS Rules [cssfamily] (done) | time=1020ms
INFO: Sensor JaCoCo XML Report Importer [jacoco]
INFO: 'sonar.coverage.jacoco.xmlReportPaths' is not defined. Using default locations: target/site/jacoco/jacoco.xml,target/site/jacoco-it/jacoco.xml,build/reports/jacoco/test/jacocoTestReport.xml
INFO: No report imported, no coverage information will be imported by JaCoCo XML Report Importer
INFO: Sensor JaCoCo XML Report Importer [jacoco] (done) | time=8ms
INFO: Sensor Import of Checkstyle issues [java]
INFO: Importing /var/lib/jenkins/workspace/5_including_sonarqube-quality gates/target/checkstyle-result.xml
INFO: Sensor Import of Checkstyle issues [java] (done) | time=261ms
INFO: Sensor SurefireSensor [java]
INFO: parsing [/var/lib/jenkins/workspace/5_including_sonarqube-quality gates/target/surefire-reports]
INFO: Sensor SurefireSensor [java] (done) | time=44ms
INFO: Sensor JavaXmlSensor [java]
INFO: 7 source files to be analyzed
INFO: 7/7 source files have been analyzed
INFO: Sensor JavaXmlSensor [java] (done) | time=408ms
INFO: Sensor HTML [web]
INFO: Sensor HTML [web] (done) | time=534ms
INFO: Sensor XML Sensor [xml]
INFO: 7 source files to be analyzed
INFO: 7/7 source files have been analyzed
INFO: Sensor XML Sensor [xml] (done) | time=307ms
INFO: ------------- Run sensors on project
INFO: Sensor Zero Coverage Sensor
INFO: Sensor Zero Coverage Sensor (done) | time=37ms
INFO: Sensor Java CPD Block Indexer
INFO: Sensor Java CPD Block Indexer (done) | time=100ms
INFO: CPD Executor 9 files had no CPD blocks
INFO: CPD Executor Calculating CPD for 27 files
INFO: CPD Executor CPD calculation finished (done) | time=60ms
INFO: Analysis report generated in 154ms, dir size=502 KB
INFO: Analysis report compressed in 293ms, zip size=177 KB
INFO: Analysis report uploaded in 42ms
INFO: ANALYSIS SUCCESSFUL, you can browse http://172.31.16.153/dashboard?id=vprofile
INFO: Note that you will be able to access the updated dashboard once the server has processed the submitted analysis report
INFO: More about the report processing at http://172.31.16.153/api/ce/task?id=AZC253GArdQ75bRPYowO
INFO: Analysis total time: 16.912 s
INFO: ------------------------------------------------------------------------
INFO: EXECUTION SUCCESS
INFO: ------------------------------------------------------------------------
INFO: Total time: 18.979s
INFO: Final Memory: 18M/71M
INFO: ------------------------------------------------------------------------
[8mha:////4IMIS03J3h3FI2yx5NsMypnyejXpPucxB7wiwiGcaUtHAAAApB+LCAAAAAAAAP9tjTEOwjAQBC9BFLSUPOLSgRCiSmu54QUmNsaJdWdsh6TiRXyNPxCIRMUWq51t5vmCZYpw5GixNdQ5So3D4Hs7LRw4dhfPA7Z8xoYpsTcozSBZm3pGydnAnKKEhYCVocZzcmQzrEWr7qryimx1ynH6DgJKp2/wgEJM5qxi/sIYYXPtdWL6ef4KYAwhQ7ndf2r3BpvLZyW+AAAA[0m[Pipeline] }
[8mha:////4EGLkZukDv7hUCq85yOV+2o60oXrZnEaBAcwXz7MOe+AAAAApB+LCAAAAAAAAP9tjTEOwjAQBC9BFLSUPMKhCgWiSmul4QUmPowT687YDknFi/gaf8AiEhVbrHa2mdcb1jHAiYMRPdJgKXZWeDeavMTEYbg6nkTPF9ExRXYoWpxa1tgs2HJCWFKUsJKwQeocR0smwVb26qEqp8hU5xTyd5RQWn2HJxQym5MK6QtzgN1t1JHp5/krgNn7BOVhn6uuP3GhGNO+AAAA[0m[Pipeline] // withSonarQubeEnv
[8mha:////4KxT1DBrqkzoXXRS1ZRjkTapnlSCOc2uF1C46ZBeC9roAAAApR+LCAAAAAAAAP9tjTEOwjAQBC9BFLSUPOIiCqBAqWgtN7zAJMY4se6C7eBUvIiv8QcsIlGxxWpnm3m9YRk81OwNdpp6S6GxOLjR5IWJfX91nLDjCzZMgZ1GqZPkVp9mlBw1zClKWAhYaWocB0smwlp06qEqp8hU5+jzdxRQ2vYOTyhENkfl4xcmD5vb2Aamn+evAKZhiFAetrn2uw9uI02BvgAAAA==[0m[Pipeline] }
[8mha:////4F71Mk7v+/71+Pnu1uzUFkHhnco8g7g4Y9/vFxHuuqcfAAAAph+LCAAAAAAAAP9tjTEOwjAQBC9BFLSUPOIiIQQFSkVrueEFJjHGiXUXbAen4kV8jT9gEYmKLVY728zrDcvgoWZvsNPUWwqNxcGNJi9M7Pur44QdX7BhCuw0Sp0kt/o0o+SoYU5RwkLASlPjOFgyEdaiUw9VOUWmOkefv6OA0rZ3eEIhsjkqH78wedjcxjYw/Tx/BTANQ4TysM21330AVmHecL4AAAA=[0m[Pipeline] // withEnv
[8mha:////4A3FUsR2ZMJu1p5et1qFJH3ybf4QwV9jNsT9IYVmvLAoAAAAph+LCAAAAAAAAP9tjTEOwjAQBC9BFLSUPOJSIIQQSkVrueEFJjHGiXUXbAen4kV8jT9gEYmKLVY728zrDcvgoWZvsNPUWwqNxcGNJi9M7Pur44QdX7BhCuw0Sp0kt/o0o+SoYU5RwkLASlPjOFgyEdaiUw9VOUWmOkefv6OA0rZ3eEIhsjkqH78wedjcxjYw/Tx/BTANQ4Ryv821O3wAjZ0e7r4AAAA=[0m[Pipeline] }
[8mha:////4LOFCoHpZpkRVtpn44J/JEmL1l5MUVqcY+Al32HcupfYAAAApR+LCAAAAAAAAP9tjTEOwjAQBC9BFLSUPOLSgEBCqWgtN7zAJMY4se6C7eBUvIiv8QcsIlGxxWpnm3m9YRk81OwNdpp6S6GxOLjR5IWJfX91nLDjCzZMgZ1GqZPkVp9mlBw1zClKWAhYaWocB0smwlp06qEqp8hU5+jzdxRQ2vYOTyhENkfl4xcmD5vb2Aamn+evAKZhiFDut7l2hw+jnRyEvgAAAA==[0m[Pipeline] // withEnv
[8mha:////4MfzkdGOM/HbdM4xmfboqC3IGXkGVMxMRN2izXO6o/OBAAAApB+LCAAAAAAAAP9tjTEOwjAQBC9BFLSUPOJSBQpEldZKwwtMbIwT687YDknFi/gaf8AiEhVbrHa2mdcb1jHAiYPBXtNgKXYWvRtNXjhxGK6OJ+z5gh1TZKex1VPLSjcLtpw0LClKWAnYaOocR0smwVb08iErJ8lU5xTydxRQWnWHJxQim5MM6QtzgN1tVJHp5/krgNn7BOWhzlXvPwFj+Ki+AAAA[0m[Pipeline] }
[8mha:////4IBP3sn9cLfMI87Eaw/RTLLMlcLwrO3nuzUHChR1Oq9gAAAApB+LCAAAAAAAAP9tjTEOwjAQBC9BFLSUPOJSBQpEldZKwwtMbIwT687YDknFi/gaf8AiEhVbrHa2mdcb1jHAiYPBXtNgKXYWvRtNXjhxGK6OJ+z5gh1TZKex1VPLSjcLtpw0LClKWAnYaOocR0smwVb08iErJ8lU5xTydxRQWnWHJxQim5MM6QtzgN1tVJHp5/krgNn7BOVhn6uuPxVAZbe+AAAA[0m[Pipeline] // stage
[8mha:////4Lc6UM2ZmJ5u9Lm80pBcWdu/v47vJb3mButLOr5hg77sAAAAqB+LCAAAAAAAAP9tjTEOwjAUQ3+LOrAycohUSEgdEFPXKAsnCEkIaaP/S5LSTpyIq3EHApWY8GDZlqz3fEEVAxwpWNYZ7B1G5djgR5sTmyj0F08T6+jMFGEkb5gwkyBt2qUKSgYWFSWsOKwNKk/RoU2w4Z28y9pLtPUphbwdOJRO3+ABBc/kJEP6ljnA9jrqSPjj/AXAPCQod/tsTfN5Vm+kBODZwgAAAA==[0m[Pipeline] stage
[8mha:////4CCMoFxzgKFpCxBoU2kZy9MLfDs1KGe+ZCGhnxjisHLjAAAAph+LCAAAAAAAAP9tjTEOwjAUQ3+LOrAycoh0LBJiYo2ycILQhJA0+r9NUtKJE3E17kBLJSY8WLYl673eUMUAJwqGOY2dxdha1vvRzIllCt3NU2aOrqwljOQ1EzoLUvq8VkFJw6qihA2HrcbWU7RoEuy4kw9Ze4mmvqQwb0cOpVUDPKHgMznJkL5lCrC/jyoS/jh/ATD1CcqmWeywPKsPkHVpXsIAAAA=[0m[Pipeline] { (Quality gate - config in sonar server)
[8mha:////4NsLmlNDzzjHqI2izFr09yhfOo0pkabe3Fm2LUmBbIhLAAAAox+LCAAAAAAAAP9tjTEOwjAQBC9BFLSUPOJSAkJUaS03vMDExjix7oztkFS8iK/xBwKRqNhitbPNPF+wTBGOHC22hjpHqXEYfG+nhQPH7uJ5wJbP2DAl9galGSRrU88oORuYU5SwELAy1HhOjmyGtWjVXVVeka1OOU7fQUDp9A0eUIjJnFXMXxgjbK69Tkw/z18BjCFDud19ah/eiOvlgb4AAAA=[0m[Pipeline] tool
[8mha:////4Crsxs2gMFHBByGzkseNJ7T28NQV5G5bbq/aHiPNWllOAAAApB+LCAAAAAAAAP9tjTEOwjAQBC9BFLSUPOJCRyREldZKwwtMbIwT687YDknFi/gaf8AiEhVbrHa2mdcb1jHAiYPBXtNgKXYWvRtNXjhxGK6OJ+z5gh1TZKex1VPLSjcLtpw0LClKWAnYaOocR0smwVb08iErJ8lU5xTydxRQWnWHJxQim5MM6QtzgN1tVJHp5/krgNknKA91rnrvP/wXe1u+AAAA[0m[Pipeline] envVarsForTool
[8mha:////4F56dye0+/TYAkCKqPQ4MZa2kmQ/1FWlFjMUyA8ffkSNAAAApR+LCAAAAAAAAP9tjTEOwjAQBC9BFLSUPOIiKiIhqrRWGl5gYmOcWHfGdkgqXsTX+AMWkajYYrWzzbzesI4BThwM9poGS7Gz6N1o8sKJw3B1PGHPF+yYIjuNrZ5aVrpZsOWkYUlRwkrARlPnOFoyCbailw9ZOUmmOqeQv6OA0qo7PKEQ2ZxkSF+YA+xuo4pMP89fAcw+QXmoc9V7/wG9JmBCvgAAAA==[0m[Pipeline] tool
[8mha:////4AppBifzzO9pM79l94olM5dLJLuN7ma64CHoQr2ZODMJAAAApR+LCAAAAAAAAP9tjTEOwjAQBC9BFLSUPOIi0RAJUaW10vACExvjxLoztkNS8SK+xh+wiETFFqudbeb1hnUMcOJgsNc0WIqdRe9GkxdOHIar4wl7vmDHFNlpbPXUstLNgi0nDUuKElYCNpo6x9GSSbAVvXzIykky1TmF/B0FlFbd4QmFyOYkQ/rCHGB3G1Vk+nn+CmD2CcpDnave+w9+dU1pvgAAAA==[0m[Pipeline] envVarsForTool
[8mha:////4D/s24odiO8JPHHCgUXhmilalFEul677WzdaaBqY1az4AAAAqB+LCAAAAAAAAP9tjTEOwjAUQ3+LOrAycoh0YKASYuoaZeEEIQkhbfR/SVLaiRNxNe5AoBITHizbkvWeL6higCMFyzqDvcOoHBv8aHNiE4X+4mliHZ2ZIozkDRNmEqRNu1RBycCiooQVh7VB5Sk6tAk2vJN3WXuJtj6lkLcDh9LpGzyg4JmcZEjfMgfYXkcdCX+cvwCYhwTlvsnW7D7P6g18AR5RwgAAAA==[0m[Pipeline] withEnv
[8mha:////4AfrPQ7Qu3Y/4R1xdvBajRWEOla0/IEdhTjC2wWyVvHgAAAAqB+LCAAAAAAAAP9tjTEOwjAUQ3+LOrAycoh0gAEJMXWNsnCC0ISQNvq//KS0EyfiatyBlkpMeLBsS9Z7vaGIDCdiJxqLrcdYe9GF3k1JDMTtNdAgGrqImjBSsELZQZGx1VIVJQuLshxWEtYW60DRo0uwkY1+6DJodOU58bQdJeTe3OEJmZzISXP6lpFhe+tNJPxx/gJg7BLkh91s+/lZfADxKa4dwgAAAA==[0m[Pipeline] {
[8mha:////4KojHWKb+0FpIUqvOMzOeqzfKBRI5ERqGf2DKE6E+nghAAAAqB+LCAAAAAAAAP9tjTEOwjAUQ3+LOrAycoh0AQkJMXWNsnCC0ISQNvq//KS0EyfiatyBlkpMeLBsS9Z7vaGIDCdiJxqLrcdYe9GF3k1JDMTtNdAgGrqImjBSsELZQZGx1VIVJQuLshxWEtYW60DRo0uwkY1+6DJodOU58bQdJeTe3OEJmZzISXP6lpFhe+tNJPxx/gJg7BLkh91s+/lZfADX78n/wgAAAA==[0m[Pipeline] timeout
Timeout set to expire in 10 min
[8mha:////4LOP9GnPuy9txBxZczmMC1Z1hdGvPWEewqZsWlhVVnT0AAAApx+LCAAAAAAAAP9tjTEOwjAUQ3+LOrAycoh0AiEhpq5RFk4QmhDSRv+Xn5R24kRcjTvQUokJD5ZtyXqvNxSR4UTsRGOx9RhrL7rQuymJgbi9BhpEQxdRE0YKVig7KDK2WqqiZGFRlsNKwtpiHSh6dAk2stEPXQaNrjwnnrajhNybOzwhkxM5aU7fMjJsb72JhD/OXwCMXYL8sJttPz+LD7lC07jCAAAA[0m[Pipeline] {
[8mha:////4L7tVxWDZ5aBeTOJe391x7VR8SSFsoRIiZguGk+pvovDAAAApB+LCAAAAAAAAP9tjTEOwjAQBC9BFLSUPOLSARKiSmu54QUmNsaJdWdsh6TiRXyNPxCIRMUWq51t5vmCZYpw5GixNdQ5So3D4Hs7LRw4dhfPA7Z8xoYpsTcozSBZm3pGydnAnKKEhYCVocZzcmQzrEWr7qryimx1ynH6DgJKp2/wgEJM5qxi/sIYYXPtdWL6ef4KYAwZyv32U7vwBsroJZ2+AAAA[0m[Pipeline] waitForQualityGate
Checking status of SonarQube task 'AZC253GArdQ75bRPYowO' on server 'sonarServer'
SonarQube task 'AZC253GArdQ75bRPYowO' status is 'IN_PROGRESS'
SonarQube task 'AZC253GArdQ75bRPYowO' status is 'SUCCESS'
SonarQube task 'AZC253GArdQ75bRPYowO' completed. Quality gate is 'OK'
[8mha:////4Jc1pw6DIbw1C1XLDnfhzCvtEgjsZBMwGnrUlfx5LoLOAAAApB+LCAAAAAAAAP9tjTEOwjAQBC9BFLSUPOLSoUiIitZKwwtMYowd686xHZyKF/E1/kAgEhVbrHa2mecL1jHAkYNGq6g3FFuD3o16Xpg59FfHGS1fsGWK7BQ2KjfcqdOCDScFS4oSVgI2ilrH0ZBOsBVW3mXlJOnqnML8HQSUphvgAYWYzUmG9IUpwO42dpHp5/krgMn7BGVdf2r/Bnt+gFe+AAAA[0m[Pipeline] }
[8mha:////4PmIzJN1Rx6PlcwW16qBuZTB2YxDriaYqpQmdLO+SpgWAAAApB+LCAAAAAAAAP9tjTEOwjAQBC9BFLSUPOJSIYEQVVrLDS8wsTFOrDtjOyQVL+Jr/IFAJCq2WO1sM88XLFOEI0eLraHOUWocBt/baeHAsbt4HrDlMzZMib1BaQbJ2tQzSs4G5hQlLASsDDWekyObYS1adVeVV2SrU47TdxBQOn2DBxRiMmcV8xfGCJtrrxPTz/NXAGMIGcrd/lPbN2T81QW+AAAA[0m[Pipeline] // timeout
[8mha:////4PVHXlKEUujw1ADpbHPOn/rOb8h+xHTSGHojt5gRjUhwAAAApR+LCAAAAAAAAP9tjTEOwjAQBC9BFLSUPOJCQQFCqWgtN7zAJMY4se6C7eBUvIiv8QcsIlGxxWpnm3m9YRk81OwNdpp6S6GxOLjR5IWJfX91nLDjCzZMgZ1GqZPkVp9mlBw1zClKWAhYaWocB0smwlp06qEqp8hU5+jzdxRQ2vYOTyhENkfl4xcmD5vb2Aamn+evAKZhiFAetrn2uw+OlqrzvgAAAA==[0m[Pipeline] }
[8mha:////4KjJnb7Q/ZPmnKkEwqWkcITuIyUtJYJ/vHk86dAo+sEtAAAApR+LCAAAAAAAAP9tjTEOwjAQBC9BFLSUPOIiRANCqWgtN7zAJMY4se6C7eBUvIiv8QcsIlGxxWpnm3m9YRk81OwNdpp6S6GxOLjR5IWJfX91nLDjCzZMgZ1GqZPkVp9mlBw1zClKWAhYaWocB0smwlp06qEqp8hU5+jzdxRQ2vYOTyhENkfl4xcmD5vb2Aamn+evAKZhiFAetrn2uw+I0JKmvgAAAA==[0m[Pipeline] // withEnv
[8mha:////4EJmeZ7ZwIB9Rg29C5MAgReoU6hPwRBcQqFMQPt8n2vDAAAApR+LCAAAAAAAAP9tjTEOwjAQBC9BFLSUPOIi0QBCqWgtN7zAJMY4se6C7eBUvIiv8QcsIlGxxWpnm3m9YRk81OwNdpp6S6GxOLjR5IWJfX91nLDjCzZMgZ1GqZPkVp9mlBw1zClKWAhYaWocB0smwlp06qEqp8hU5+jzdxRQ2vYOTyhENkfl4xcmD5vb2Aamn+evAKZhiFAetrl2+w9hZ0wwvgAAAA==[0m[Pipeline] }
[8mha:////4KyDUaYKKfsF3foqcY4QXxzuRFBR6proG5E/yMWDPqEjAAAApR+LCAAAAAAAAP9tjTEOwjAQBC9BFLSUPMIpKCKEqNJaaXiBiQ/jxLoztkNS8SK+xh+wiETFFqudbeb1hnUMcOJgRI80WIqdFd6NJi8xcRiujifR80V0TJEdihanljU2C7acEJYUJawkbJA6x9GSSbCVvXqoyiky1TmF/B0llFbf4QmFzOakQvrCHGB3G3Vk+nn+CmD2PkF52Oeq6w9Vqa9rvgAAAA==[0m[Pipeline] // stage
[8mha:////4L9xMQG04qpXLMakMMzDTM5eSwZ1eFI+DBa2B4fdHn58AAAAqB+LCAAAAAAAAP9tjTEOwjAUQ3+LOrAycohUSF0QYuoaZeEEIQkhbfR/SVLaiRNxNe5AoBITHizbkvWeL6higCMFyzqDvcOoHBv8aHNiE4X+4mliHZ2ZIozkDRNmEqRNu1RBycCiooQVh7VB5Sk6tAk2vJN3WXuJtj6lkLcDh9LpGzyg4JmcZEjfMgfYXkcdCX+cvwCYhwTlrsm2bz7P6g1XDUsPwgAAAA==[0m[Pipeline] stage
[8mha:////4J5eFII78h1U2dtncyCVaMrmkK8J1JSe5lXwbRswZanzAAAApx+LCAAAAAAAAP9tjTEOwjAUQ3+LOrAycoh0gQEhpq5RFk4QmhDSRv+Xn5R24kRcjTvQUokJD5ZtyXqvNxSR4UTsRGOx9RhrL7rQuymJgbi9BhpEQxdRE0YKVig7KDK2WqqiZGFRlsNKwtpiHSh6dAk2stEPXQaNrjwnnrajhNybOzwhkxM5aU7fMjJsb72JhD/OXwCMXYL8sJttPz+LDwyoG8LCAAAA[0m[Pipeline] { (Building app & Post step Archiving war file of build)
[8mha:////4JY9q2zuWzlFcuEqt5CNd71jDNfSFhQS6bUO1ySIVu2zAAAApB+LCAAAAAAAAP9tjTEOwjAQBC9BFLSUPOJSgYQQVVrLDS8wsTFOrDtjOyQVL+Jr/IFAJCq2WO1sM88XLFOEI0eLraHOUWocBt/baeHAsbt4HrDlMzZMib1BaQbJ2tQzSs4G5hQlLASsDDWekyObYS1adVeVV2SrU47TdxBQOn2DBxRiMmcV8xfGCJtrrxPTz/NXAGPIUO63n9qFN7+pvni+AAAA[0m[Pipeline] tool
[8mha:////4FVzuBTT51AvZ80HmLFy2SX3kb6JwbckQhh9cMdewTZzAAAApB+LCAAAAAAAAP9tjTEOwjAQBC9BFLSUPOJSIYQQVVrLDS8wsTFOrDtjOyQVL+Jr/IFAJCq2WO1sM88XLFOEI0eLraHOUWocBt/baeHAsbt4HrDlMzZMib1BaQbJ2tQzSs4G5hQlLASsDDWekyObYS1adVeVV2SrU47TdxBQOn2DBxRiMmcV8xfGCJtrrxPTz/NXAGPIUO63n9qFN/6YpWG+AAAA[0m[Pipeline] envVarsForTool
[8mha:////4CgBaKKmfg6LWZe0nGMvOGlvBKtuPqr4f2qDNniQHrzBAAAApB+LCAAAAAAAAP9tjTEOwjAQBC9BFLSUPOJSIYEQVVrLDS8wsTFOrDtjOyQVL+Jr/IFAJCq2WO1sM88XLFOEI0eLraHOUWocBt/baeHAsbt4HrDlMzZMib1BaQbJ2tQzSs4G5hQlLASsDDWekyObYS1adVeVV2SrU47TdxBQOn2DBxRiMmcV8xfGCJtrrxPTz/NXAGPIUO63n9qFNzGEPea+AAAA[0m[Pipeline] tool
[8mha:////4GyBTn92hNJfMpl56PHnXNEHrvJDIizk2MDBZJXYa5iCAAAApB+LCAAAAAAAAP9tjTEOwjAQBC9BFLSUPOJSUUSIitZKwwtMYowd686xHZyKF/E1/kAgEhVbrHa2mecL1jHAkYNGq6g3FFuD3o16Xpg59FfHGS1fsGWK7BQ2KjfcqdOCDScFS4oSVgI2ilrH0ZBOsBVW3mXlJOnqnML8HQSUphvgAYWYzUmG9IUpwO42dpHp5/krgMknKOv9p2r/BnC1Jv++AAAA[0m[Pipeline] envVarsForTool
[8mha:////4B50/vwsDrdvghiQN2leof0FlWlf4xuaP2tmO+b0vD0cAAAAqR+LCAAAAAAAAP9tjbEOgjAURR8QBldHP6Lg4GAMk2vTxS+oUGuheQ/bhzD5Rf6a/yBK4uSd7rnJzXm+II8BKgpWtAY7h7F2oveDnZsYKXQXT6No6SxqwkjeCGVGRY05LqiIDSxJUsgkrAzWnqJDy7CWrb7rwmu0xYnDvB0kpK65wQMSOZtZB/7CFGBzHZpI+PP8FcDUM6T7HUO2LcvPNX8DuVZRDsMAAAA=[0m[Pipeline] withEnv
[8mha:////4MuZQQ3byRNQ7fQGIsIHToKBVELH5orYSjJYRi19qxo8AAAAph+LCAAAAAAAAP9tjbEOgjAYhH8gDK6OPkSB2Ti5Nl18gkprbWn+H9oiTD6Rr+Y7iJA4ecPl7pLL93pDGQOcKBjmNHYWY2tZ70ezJDZR6G6eJuboylrCSF4zoSdBSp+3Kihp2JTlUHDYaWw9RYsmwZ47+ZCVl2iqSwrLduSQWzXAEzK+kJMMaS1zgMN9VJHwx/kLgLlPUDR1vXrz/ZYfJWyAvsQAAAA=[0m[Pipeline] {
[8mha:////4DApX0Sp3Z480uLIjq1N+yRT3e6dHN7nZWb6GSsCT4yjAAAApB+LCAAAAAAAAP9tjTESgjAQRRcYC1tLD7GIrWNFm0njCWKIMZDZxSQIlSfyat5BBmas/MWf/37z3h/YxABnDhZbQ52jqB32frDzwpFDd/M8YstX1EyRvUFpRsmNqVeUnAysyXIoBGwNac/RkU2wE616qtIrsuUlhfk7Cchd84AXZGI2JxXSAlOA/X1oItPP81cAU5+gqA7V0sf+C6iwe5rAAAAA[0m[Pipeline] sh
+ mvn install -DskipTests
[INFO] Scanning for projects...
[INFO] 
[INFO] ---------------------< com.visualpathit:vprofile >----------------------
[INFO] Building Visualpathit VProfile Webapp v2
[INFO]   from pom.xml
[INFO] --------------------------------[ war ]---------------------------------
[WARNING] The artifact mysql:mysql-connector-java:jar:8.0.32 has been relocated to com.mysql:mysql-connector-j:jar:8.0.32: MySQL Connector/J artifacts moved to reverse-DNS compliant Maven 2+ coordinates.
[INFO] 
[INFO] --- resources:3.3.1:resources (default-resources) @ vprofile ---
[WARNING] Using platform encoding (UTF-8 actually) to copy filtered resources, i.e. build is platform dependent!
[INFO] Copying 5 resources from src/main/resources to target/classes
[INFO] 
[INFO] --- jacoco:0.8.4:prepare-agent (jacoco-initialize) @ vprofile ---
[INFO] argLine set to "-javaagent:/var/lib/jenkins/.m2/repository/org/jacoco/org.jacoco.agent/0.8.4/org.jacoco.agent-0.8.4-runtime.jar=destfile=/var/lib/jenkins/workspace/5_including_sonarqube-quality gates/target/jacoco.exec"
[INFO] 
[INFO] --- compiler:3.11.0:compile (default-compile) @ vprofile ---
[INFO] Nothing to compile - all classes are up to date
[INFO] 
[INFO] --- resources:3.3.1:testResources (default-testResources) @ vprofile ---
[WARNING] Using platform encoding (UTF-8 actually) to copy filtered resources, i.e. build is platform dependent!
[INFO] skip non existing resourceDirectory /var/lib/jenkins/workspace/5_including_sonarqube-quality gates/src/test/resources
[INFO] 
[INFO] --- compiler:3.11.0:testCompile (default-testCompile) @ vprofile ---
[INFO] Nothing to compile - all classes are up to date
[INFO] 
[INFO] --- surefire:3.1.2:test (default-test) @ vprofile ---
[INFO] Tests are skipped.
[INFO] 
[INFO] --- war:3.2.2:war (default-war) @ vprofile ---
[INFO] Packaging webapp
[INFO] Assembling webapp [vprofile] in [/var/lib/jenkins/workspace/5_including_sonarqube-quality gates/target/vprofile-v2]
[INFO] Processing war project
[INFO] Copying webapp resources [/var/lib/jenkins/workspace/5_including_sonarqube-quality gates/src/main/webapp]
[INFO] Webapp assembled in [340 msecs]
[INFO] Building war: /var/lib/jenkins/workspace/5_including_sonarqube-quality gates/target/vprofile-v2.war
[INFO] 
[INFO] --- jacoco:0.8.4:report (jacoco-site) @ vprofile ---
[INFO] Loading execution data file /var/lib/jenkins/workspace/5_including_sonarqube-quality gates/target/jacoco.exec
[INFO] Analyzed bundle 'Visualpathit VProfile Webapp' with 15 classes
[INFO] 
[INFO] --- install:3.1.1:install (default-install) @ vprofile ---
[INFO] Installing /var/lib/jenkins/workspace/5_including_sonarqube-quality gates/pom.xml to /var/lib/jenkins/.m2/repository/com/visualpathit/vprofile/v2/vprofile-v2.pom
[INFO] Installing /var/lib/jenkins/workspace/5_including_sonarqube-quality gates/target/vprofile-v2.war to /var/lib/jenkins/.m2/repository/com/visualpathit/vprofile/v2/vprofile-v2.war
[INFO] ------------------------------------------------------------------------
[INFO] BUILD SUCCESS
[INFO] ------------------------------------------------------------------------
[INFO] Total time:  9.705 s
[INFO] Finished at: 2024-07-15T14:59:15Z
[INFO] ------------------------------------------------------------------------
Post stage
[8mha:////4GhrV3Jitdx1OSPdgIHFwUK2KTACN+LsG8LO8oWuGjLfAAAApB+LCAAAAAAAAP9tjTESgjAQRRcYC1tLD7HIWDpWtJk0niCGGAOZXUyCUHkir+YdZGDGyl/8+e837/2BTQxw5mCxNdQ5itph7wc7Lxw5dDfPI7Z8Rc0U2RuUZpTcmHpFycnAmiyHQsDWkPYcHdkEO9Gqpyq9IlteUpi/k4DcNQ94QSZmc1IhLTAF2N+HJjL9PH8FMPUJiupQLX3sv+mBYIPAAAAA[0m[Pipeline] archiveArtifacts
Archiving artifacts
[8mha:////4JWlHqqgGPzf0QQkaPVrivIHsacnE+CS7DoIbaKeQf8JAAAApR+LCAAAAAAAAP9tjbEOgjAURR8QB1dHP+IhiZtxYm26+AW11Fpo3sO2CJNf5K/5DxJInLzDzT13Oe8PbGKAMweLraHOUdQOez/YeeHIobt5HrHlK2qmyN6gNKPkxtQrSk4G1mQ5FAK2hrTn6Mgm2IlWPVXpFdnyksL8nQTkrnnACzIxm5MKaYEpwP4+NJHp5/krgKnvExTV4bh09QWLSa6owAAAAA==[0m[Pipeline] }
[8mha:////4Pnc4bhzDnneMxOCmp+n5Eow/rGCFFd3A6sM2KCV38n6AAAApR+LCAAAAAAAAP9tjTESgjAURD8wFraWHiJgYeVY0WZoPEEkMSZk/o9JECpP5NW8gxmYsXKLnX3bvPcHNjHAmYJmVuFgMPaGeTfqvNhEYbg5mpilK+sJIznFOjV1JFW7YkdJwZqihIrDVmHvKBrUCXbciqeonUBdX1LI34lDaeQDXlDwbE4ipAXmAPv7KCPhz/NXALP3CapDc1y6+QKpct55wAAAAA==[0m[Pipeline] // withEnv
[8mha:////4Ew46v/ssWoMVKOA1ZYFnQa7o0G+Vh0/p9o5qLndd1nnAAAAph+LCAAAAAAAAP9tjTEOwjAQBC+JKGgpeYQDBUgooqK10vACExvjxLoL9oWk4kV8jT9gEYmKrXammdcbFjHAkYIVrcHOYWyc6P1g0xMjhe7qaRQtXURDGMkbUZuxJm1OM9bEBuZlORQSlgYbT9GhZVjJVj1U6RXa8swhuUpC7vQdnpDJVGYV+AtTgPVt0JHw1/kbgKnvGYrtZs+QH3YfARtFMr8AAAA=[0m[Pipeline] }
[8mha:////4OD5BaeijopeKT8l2OAo6qGkuC8Uqtnyp40iPJudieiCAAAApx+LCAAAAAAAAP9tjTEOwjAQBC+JKGgpeYQDEhJCERWtlYYXmNgYJ9ZdsC8kFS/ia/wBi0hUbLUzzbzesIgBjhSsaA12DmPjRO8Hm54YKXRXT6No6SIawkjeiNqMNWlzmrEmNjAvy6GQsDTYeIoOLcNKtuqhSq/QlmcOyVUScqfv8IRMpjKrwF+YAqxvg46Ev87fAEx9z1BsN3uG/LD7ADL4Ho6/AAAA[0m[Pipeline] // stage
[8mha:////4C2vvx9NZkK8fgq9FoFhF5MY7mzxBOjvUWYNH2TjeUvSAAAAph+LCAAAAAAAAP9tjbEOgjAURR8QB1dHP6JI4mBimFwbFr+g0loLzXvYPoTJL/LX/AcbSZy80z1nOa83rGKAmoIVncHeYWydGPxo0xMThf7qaRIdXURLGMkb0ZipIW1OCzbEBpZlORQS1gZbT9GhZdjITj1U6RXa8swhuaOE3Ok7PCGTqcwq8BfmANvbqCPhr/M3APMwMBTV7sCQV/sP78CRt78AAAA=[0m[Pipeline] }
[8mha:////4JBSIaJu2RfHou4wR/sHg67bQuwr0e34X4kYs3SQy/7AAAAApR+LCAAAAAAAAP9tjTESgjAQRRcYC1tLDxFkrByHyjZD4wkiiTGQ2cVkESpP5NW8gxmZsfJX/73mvd6wigFqClZ0BnuHsXVi8KNNT0wU+qunSXR0ES1hJG9EY6aGtDkt2BAbWJblUEhYG2w9RYeWYSM79VClV2jLM4fkjhJyp+/whEymMqvAX5gDbG+jjoS/zt8AzMPAUFS7A0Ne7T/phqnivwAAAA==[0m[Pipeline] // withEnv
[8mha:////4FJCdoau/6fzWopfkW5zuOUpbyjsovU/LevUatP7eORIAAAApB+LCAAAAAAAAP9tjTEOwjAQBC+JKGgpeYRDJDpERWul4QUmNsaJdWfsC07Fi/gafyAiEhVb7UwzrzesUoQjRSt6g4PD1DkR/GjnJzLF4eopi54uoiNM5I1oTW5Jm9OCLbGBZUUJlYS1wc5TcmgZNrJXD1V7hbY+c5zdQULp9B2eUMi5zCryF6YI29uoE+Gv8zcAUwgMVdPsGIr9B0SbnYO+AAAA[0m[Pipeline] }
[8mha:////4MqJLwsKyLO7KU05mEiR/EMHqW4+hk4bJrg5iCMe/ht2AAAAox+LCAAAAAAAAP9tjbEOgjAURS8SB1dHP6KEOBon14bFL6hQa6F5D9uHMPlF/pr/IJHEyTvdc5bzemOdIo4cnWotdZ5S7VUfBjc/NXLsroFH1fJF1UyJg1WVHStu7GnBisViWbZCrrGxVAdOnpxgq1vzMEUw5IqzxNkdNFa+ueOJTM9lMVG+MEXsbkOTmH6dvwFMfS/Iy7IUZPsPVyeZIL4AAAA=[0m[Pipeline] // node
[8mha:////4EYI+1L+Gu7v1FgsXR0CUxthCZfcBde34NXJc3K8Zx1DAAAAox+LCAAAAAAAAP9tjTESgjAQRTcwFraWHiIMtI6VbYbGE0SIMZDZjckiVJ7Iq3kHMzJj5a/+e817vWGTIhwpWjkYHB2mzsngJ5ufnCmOV0+zHOgiO8JE3sjWzC315rRiS2xgnSigVLA12HlKDi3DTg36oSuv0VZnjtkdFBSuv8MThMpl1pG/sETY36Y+Ef46fwOwhMBQ1nXDIJoPEW0+EL4AAAA=[0m[Pipeline] End of Pipeline
Finished: SUCCESS
